# JRE version: OpenJDK Runtime Environment (11.0.11+9) (build 11.0.11+9-b60-7590822)
# Java VM: OpenJDK 64-Bit Server VM (11.0.11+9-b60-7590822, mixed mode, tiered, compressed oops, g1 gc, windows-amd64)
Heap:
 garbage-first heap   total 463872K, used 170686K [0x0000000080000000, 0x0000000100000000)
  region size 1024K, 11 young (11264K), 11 survivors (11264K)
 Metaspace       used 103062K, capacity 105663K, committed 106240K, reserved 1140736K
  class space    used 13347K, capacity 14329K, committed 14592K, reserved 1048576K
GC Heap History (20 events):
Event: 11.943 GC heap after
{Heap after GC invocations=24 (full 0):
 garbage-first heap   total 315392K, used 163516K [0x0000000080000000, 0x0000000100000000)
  region size 1024K, 4 young (4096K), 4 survivors (4096K)
 Metaspace       used 101973K, capacity 104524K, committed 105216K, reserved 1140736K
  class space    used 13304K, capacity 14284K, committed 14592K, reserved 1048576K
}
Event: 12.157 GC heap before
{Heap before GC invocations=24 (full 0):
 garbage-first heap   total 315392K, used 257724K [0x0000000080000000, 0x0000000100000000)
  region size 1024K, 97 young (99328K), 4 survivors (4096K)
 Metaspace       used 101990K, capacity 104533K, committed 105216K, reserved 1140736K
  class space    used 13312K, capacity 14287K, committed 14592K, reserved 1048576K
}
Event: 12.165 GC heap after
{Heap after GC invocations=25 (full 0):
 garbage-first heap   total 315392K, used 163517K [0x0000000080000000, 0x0000000100000000)
  region size 1024K, 4 young (4096K), 4 survivors (4096K)
 Metaspace       used 101990K, capacity 104533K, committed 105216K, reserved 1140736K
  class space    used 13312K, capacity 14287K, committed 14592K, reserved 1048576K
}
Event: 12.457 GC heap before
{Heap before GC invocations=26 (full 0):
 garbage-first heap   total 315392K, used 260797K [0x0000000080000000, 0x0000000100000000)
  region size 1024K, 99 young (101376K), 4 survivors (4096K)
 Metaspace       used 102026K, capacity 104538K, committed 105216K, reserved 1140736K
  class space    used 13312K, capacity 14287K, committed 14592K, reserved 1048576K
}
Event: 12.463 GC heap after
{Heap after GC invocations=27 (full 0):
 garbage-first heap   total 315392K, used 163900K [0x0000000080000000, 0x0000000100000000)
  region size 1024K, 5 young (5120K), 5 survivors (5120K)
 Metaspace       used 102026K, capacity 104538K, committed 105216K, reserved 1140736K
  class space    used 13312K, capacity 14287K, committed 14592K, reserved 1048576K
}
Event: 12.615 GC heap before
{Heap before GC invocations=27 (full 0):
 garbage-first heap   total 315392K, used 261180K [0x0000000080000000, 0x0000000100000000)
  region size 1024K, 101 young (103424K), 5 survivors (5120K)
 Metaspace       used 102141K, capacity 104668K, committed 105472K, reserved 1140736K
  class space    used 13313K, capacity 14287K, committed 14592K, reserved 1048576K
}
Event: 12.620 GC heap after
{Heap after GC invocations=28 (full 0):
 garbage-first heap   total 315392K, used 164949K [0x0000000080000000, 0x0000000100000000)
  region size 1024K, 6 young (6144K), 6 survivors (6144K)
 Metaspace       used 102141K, capacity 104668K, committed 105472K, reserved 1140736K
  class space    used 13313K, capacity 14287K, committed 14592K, reserved 1048576K
}
Event: 12.891 GC heap before
{Heap before GC invocations=28 (full 0):
 garbage-first heap   total 315392K, used 264277K [0x0000000080000000, 0x0000000100000000)
  region size 1024K, 103 young (105472K), 6 survivors (6144K)
 Metaspace       used 102400K, capacity 104924K, committed 105728K, reserved 1140736K
  class space    used 13329K, capacity 14306K, committed 14592K, reserved 1048576K
}
Event: 12.898 GC heap after
{Heap after GC invocations=29 (full 0):
 garbage-first heap   total 315392K, used 165027K [0x0000000080000000, 0x0000000100000000)
  region size 1024K, 6 young (6144K), 6 survivors (6144K)
 Metaspace       used 102400K, capacity 104924K, committed 105728K, reserved 1140736K
  class space    used 13329K, capacity 14306K, committed 14592K, reserved 1048576K
}
Event: 13.020 GC heap before
{Heap before GC invocations=30 (full 0):
 garbage-first heap   total 315392K, used 266403K [0x0000000080000000, 0x0000000100000000)
  region size 1024K, 105 young (107520K), 6 survivors (6144K)
 Metaspace       used 102482K, capacity 105001K, committed 105728K, reserved 1140736K
  class space    used 13329K, capacity 14306K, committed 14592K, reserved 1048576K
}
Event: 13.027 GC heap after
{Heap after GC invocations=31 (full 0):
 garbage-first heap   total 315392K, used 166841K [0x0000000080000000, 0x0000000100000000)
  region size 1024K, 8 young (8192K), 8 survivors (8192K)
 Metaspace       used 102482K, capacity 105001K, committed 105728K, reserved 1140736K
  class space    used 13329K, capacity 14306K, committed 14592K, reserved 1048576K
}
Event: 13.162 GC heap before
{Heap before GC invocations=31 (full 0):
 garbage-first heap   total 315392K, used 267193K [0x0000000080000000, 0x0000000100000000)
  region size 1024K, 107 young (109568K), 8 survivors (8192K)
 Metaspace       used 102639K, capacity 105227K, committed 105984K, reserved 1140736K
  class space    used 13332K, capacity 14310K, committed 14592K, reserved 1048576K
}
Event: 13.172 GC heap after
{Heap after GC invocations=32 (full 0):
 garbage-first heap   total 395264K, used 166910K [0x0000000080000000, 0x0000000100000000)
  region size 1024K, 8 young (8192K), 8 survivors (8192K)
 Metaspace       used 102639K, capacity 105227K, committed 105984K, reserved 1140736K
  class space    used 13332K, capacity 14310K, committed 14592K, reserved 1048576K
}
Event: 13.461 GC heap before
{Heap before GC invocations=33 (full 0):
 garbage-first heap   total 395264K, used 314366K [0x0000000080000000, 0x0000000100000000)
  region size 1024K, 152 young (155648K), 8 survivors (8192K)
 Metaspace       used 102795K, capacity 105389K, committed 105984K, reserved 1140736K
  class space    used 13335K, capacity 14315K, committed 14592K, reserved 1048576K
}
Event: 13.471 GC heap after
{Heap after GC invocations=34 (full 0):
 garbage-first heap   total 395264K, used 167773K [0x0000000080000000, 0x0000000100000000)
  region size 1024K, 9 young (9216K), 9 survivors (9216K)
 Metaspace       used 102795K, capacity 105389K, committed 105984K, reserved 1140736K
  class space    used 13335K, capacity 14315K, committed 14592K, reserved 1048576K
}
Event: 13.627 GC heap before
{Heap before GC invocations=34 (full 0):
 garbage-first heap   total 395264K, used 322397K [0x0000000080000000, 0x0000000100000000)
  region size 1024K, 160 young (163840K), 9 survivors (9216K)
 Metaspace       used 102833K, capacity 105402K, committed 105984K, reserved 1140736K
  class space    used 13338K, capacity 14319K, committed 14592K, reserved 1048576K
}
Event: 13.635 GC heap after
{Heap after GC invocations=35 (full 0):
 garbage-first heap   total 395264K, used 167328K [0x0000000080000000, 0x0000000100000000)
  region size 1024K, 8 young (8192K), 8 survivors (8192K)
 Metaspace       used 102833K, capacity 105402K, committed 105984K, reserved 1140736K
  class space    used 13338K, capacity 14319K, committed 14592K, reserved 1048576K
}
Event: 13.806 GC heap before
{Heap before GC invocations=35 (full 0):
 garbage-first heap   total 395264K, used 330144K [0x0000000080000000, 0x0000000100000000)
  region size 1024K, 167 young (171008K), 8 survivors (8192K)
 Metaspace       used 102967K, capacity 105569K, committed 106240K, reserved 1140736K
  class space    used 13343K, capacity 14325K, committed 14592K, reserved 1048576K
}
Event: 13.814 GC heap after
{Heap after GC invocations=36 (full 0):
 garbage-first heap   total 395264K, used 169181K [0x0000000080000000, 0x0000000100000000)
  region size 1024K, 10 young (10240K), 10 survivors (10240K)
 Metaspace       used 102967K, capacity 105569K, committed 106240K, reserved 1140736K
  class space    used 13343K, capacity 14325K, committed 14592K, reserved 1048576K
}
Event: 13.978 GC heap before
{Heap before GC invocations=36 (full 0):
 garbage-first heap   total 395264K, used 333021K [0x0000000080000000, 0x0000000100000000)
  region size 1024K, 169 young (173056K), 10 survivors (10240K)
 Metaspace       used 103062K, capacity 105663K, committed 106240K, reserved 1140736K
  class space    used 13347K, capacity 14329K, committed 14592K, reserved 1048576K
}

