# JRE version: OpenJDK Runtime Environment (11.0.11+9) (build 11.0.11+9-b60-7590822)
# Java VM: OpenJDK 64-Bit Server VM (11.0.11+9-b60-7590822, mixed mode, tiered, compressed oops, g1 gc, windows-amd64)
Heap:
 garbage-first heap   total 262144K, used 138102K [0x0000000080000000, 0x0000000100000000)
  region size 1024K, 63 young (64512K), 18 survivors (18432K)
 Metaspace       used 90997K, capacity 93180K, committed 93260K, reserved 1130496K
  class space    used 11796K, capacity 12603K, committed 12620K, reserved 1048576K
GC Heap History (20 events):
Event: 1.757 GC heap before
{Heap before GC invocations=1 (full 0):
 garbage-first heap   total 262144K, used 108583K [0x0000000080000000, 0x0000000100000000)
  region size 1024K, 100 young (102400K), 3 survivors (3072K)
 Metaspace       used 20672K, capacity 21085K, committed 21248K, reserved 1067008K
  class space    used 2543K, capacity 2695K, committed 2816K, reserved 1048576K
}
Event: 1.767 GC heap after
{Heap after GC invocations=2 (full 0):
 garbage-first heap   total 262144K, used 16728K [0x0000000080000000, 0x0000000100000000)
  region size 1024K, 11 young (11264K), 11 survivors (11264K)
 Metaspace       used 20672K, capacity 21085K, committed 21248K, reserved 1067008K
  class space    used 2543K, capacity 2695K, committed 2816K, reserved 1048576K
}
Event: 1.969 GC heap before
{Heap before GC invocations=3 (full 0):
 garbage-first heap   total 262144K, used 44376K [0x0000000080000000, 0x0000000100000000)
  region size 1024K, 38 young (38912K), 11 survivors (11264K)
 Metaspace       used 23476K, capacity 24034K, committed 24192K, reserved 1071104K
  class space    used 2992K, capacity 3192K, committed 3200K, reserved 1048576K
}
Event: 1.974 GC heap after
{Heap after GC invocations=4 (full 0):
 garbage-first heap   total 262144K, used 18050K [0x0000000080000000, 0x0000000100000000)
  region size 1024K, 2 young (2048K), 2 survivors (2048K)
 Metaspace       used 23476K, capacity 24034K, committed 24192K, reserved 1071104K
  class space    used 2992K, capacity 3192K, committed 3200K, reserved 1048576K
}
Event: 2.782 GC heap before
{Heap before GC invocations=4 (full 0):
 garbage-first heap   total 262144K, used 102018K [0x0000000080000000, 0x0000000100000000)
  region size 1024K, 85 young (87040K), 2 survivors (2048K)
 Metaspace       used 35034K, capacity 35785K, committed 35840K, reserved 1081344K
  class space    used 4564K, capacity 4863K, committed 4864K, reserved 1048576K
}
Event: 2.789 GC heap after
{Heap after GC invocations=5 (full 0):
 garbage-first heap   total 262144K, used 22203K [0x0000000080000000, 0x0000000100000000)
  region size 1024K, 6 young (6144K), 6 survivors (6144K)
 Metaspace       used 35034K, capacity 35785K, committed 35840K, reserved 1081344K
  class space    used 4564K, capacity 4863K, committed 4864K, reserved 1048576K
}
Event: 3.892 GC heap before
{Heap before GC invocations=6 (full 0):
 garbage-first heap   total 262144K, used 150203K [0x0000000080000000, 0x0000000100000000)
  region size 1024K, 128 young (131072K), 6 survivors (6144K)
 Metaspace       used 45249K, capacity 46356K, committed 46540K, reserved 1089536K
  class space    used 5815K, capacity 6241K, committed 6348K, reserved 1048576K
}
Event: 3.901 GC heap after
{Heap after GC invocations=7 (full 0):
 garbage-first heap   total 262144K, used 29632K [0x0000000080000000, 0x0000000100000000)
  region size 1024K, 13 young (13312K), 13 survivors (13312K)
 Metaspace       used 45249K, capacity 46356K, committed 46540K, reserved 1089536K
  class space    used 5815K, capacity 6241K, committed 6348K, reserved 1048576K
}
Event: 5.138 GC heap before
{Heap before GC invocations=7 (full 0):
 garbage-first heap   total 262144K, used 176064K [0x0000000080000000, 0x0000000100000000)
  region size 1024K, 148 young (151552K), 13 survivors (13312K)
 Metaspace       used 56081K, capacity 57488K, committed 57548K, reserved 1099776K
  class space    used 7115K, capacity 7607K, committed 7628K, reserved 1048576K
}
Event: 5.157 GC heap after
{Heap after GC invocations=8 (full 0):
 garbage-first heap   total 262144K, used 50218K [0x0000000080000000, 0x0000000100000000)
  region size 1024K, 19 young (19456K), 19 survivors (19456K)
 Metaspace       used 56081K, capacity 57488K, committed 57548K, reserved 1099776K
  class space    used 7115K, capacity 7607K, committed 7628K, reserved 1048576K
}
Event: 5.380 GC heap before
{Heap before GC invocations=8 (full 0):
 garbage-first heap   total 262144K, used 68650K [0x0000000080000000, 0x0000000100000000)
  region size 1024K, 38 young (38912K), 19 survivors (19456K)
 Metaspace       used 58663K, capacity 60073K, committed 60236K, reserved 1101824K
  class space    used 7468K, capacity 7998K, committed 8012K, reserved 1048576K
}
Event: 5.394 GC heap after
{Heap after GC invocations=9 (full 0):
 garbage-first heap   total 262144K, used 52091K [0x0000000080000000, 0x0000000100000000)
  region size 1024K, 3 young (3072K), 3 survivors (3072K)
 Metaspace       used 58663K, capacity 60073K, committed 60236K, reserved 1101824K
  class space    used 7468K, capacity 7998K, committed 8012K, reserved 1048576K
}
Event: 6.519 GC heap before
{Heap before GC invocations=10 (full 0):
 garbage-first heap   total 262144K, used 192379K [0x0000000080000000, 0x0000000100000000)
  region size 1024K, 140 young (143360K), 3 survivors (3072K)
 Metaspace       used 67098K, capacity 68696K, committed 68812K, reserved 1110016K
  class space    used 8509K, capacity 9125K, committed 9164K, reserved 1048576K
}
Event: 6.526 GC heap after
{Heap after GC invocations=11 (full 0):
 garbage-first heap   total 262144K, used 60921K [0x0000000080000000, 0x0000000100000000)
  region size 1024K, 12 young (12288K), 12 survivors (12288K)
 Metaspace       used 67098K, capacity 68696K, committed 68812K, reserved 1110016K
  class space    used 8509K, capacity 9125K, committed 9164K, reserved 1048576K
}
Event: 7.965 GC heap before
{Heap before GC invocations=11 (full 0):
 garbage-first heap   total 262144K, used 197113K [0x0000000080000000, 0x0000000100000000)
  region size 1024K, 145 young (148480K), 12 survivors (12288K)
 Metaspace       used 80969K, capacity 82790K, committed 83020K, reserved 1120256K
  class space    used 10528K, capacity 11205K, committed 11340K, reserved 1048576K
}
Event: 7.978 GC heap after
{Heap after GC invocations=12 (full 0):
 garbage-first heap   total 262144K, used 69704K [0x0000000080000000, 0x0000000100000000)
  region size 1024K, 9 young (9216K), 9 survivors (9216K)
 Metaspace       used 80969K, capacity 82790K, committed 83020K, reserved 1120256K
  class space    used 10528K, capacity 11205K, committed 11340K, reserved 1048576K
}
Event: 9.092 GC heap before
{Heap before GC invocations=12 (full 0):
 garbage-first heap   total 262144K, used 200776K [0x0000000080000000, 0x0000000100000000)
  region size 1024K, 138 young (141312K), 9 survivors (9216K)
 Metaspace       used 86862K, capacity 89001K, committed 89292K, reserved 1126400K
  class space    used 11306K, capacity 12110K, committed 12236K, reserved 1048576K
}
Event: 9.107 GC heap after
{Heap after GC invocations=13 (full 0):
 garbage-first heap   total 262144K, used 76872K [0x0000000080000000, 0x0000000100000000)
  region size 1024K, 16 young (16384K), 16 survivors (16384K)
 Metaspace       used 86862K, capacity 89001K, committed 89292K, reserved 1126400K
  class space    used 11306K, capacity 12110K, committed 12236K, reserved 1048576K
}
Event: 9.818 GC heap before
{Heap before GC invocations=13 (full 0):
 garbage-first heap   total 262144K, used 204872K [0x0000000080000000, 0x0000000100000000)
  region size 1024K, 142 young (145408K), 16 survivors (16384K)
 Metaspace       used 90043K, capacity 92197K, committed 92364K, reserved 1128448K
  class space    used 11664K, capacity 12467K, committed 12492K, reserved 1048576K
}
Event: 9.837 GC heap after
{Heap after GC invocations=14 (full 0):
 garbage-first heap   total 262144K, used 94070K [0x0000000080000000, 0x0000000100000000)
  region size 1024K, 18 young (18432K), 18 survivors (18432K)
 Metaspace       used 90043K, capacity 92197K, committed 92364K, reserved 1128448K
  class space    used 11664K, capacity 12467K, committed 12492K, reserved 1048576K
}

