# JRE version: OpenJDK Runtime Environment (11.0.11+9) (build 11.0.11+9-b60-7590822)
# Java VM: OpenJDK 64-Bit Server VM (11.0.11+9-b60-7590822, mixed mode, tiered, compressed oops, g1 gc, windows-amd64)
Heap:
 garbage-first heap   total 378880K, used 162537K [0x0000000080000000, 0x0000000100000000)
  region size 1024K, 7 young (7168K), 7 survivors (7168K)
 Metaspace       used 102168K, capacity 104610K, committed 104908K, reserved 1140736K
  class space    used 13253K, capacity 14230K, committed 14284K, reserved 1048576K
GC Heap History (20 events):
Event: 10.673 GC heap after
{Heap after GC invocations=17 (full 0):
 garbage-first heap   total 315392K, used 136616K [0x0000000080000000, 0x0000000100000000)
  region size 1024K, 18 young (18432K), 18 survivors (18432K)
 Metaspace       used 97109K, capacity 99435K, committed 99660K, reserved 1134592K
  class space    used 12699K, capacity 13620K, committed 13644K, reserved 1048576K
}
Event: 10.869 GC heap before
{Heap before GC invocations=17 (full 0):
 garbage-first heap   total 315392K, used 241064K [0x0000000080000000, 0x0000000100000000)
  region size 1024K, 120 young (122880K), 18 survivors (18432K)
 Metaspace       used 98808K, capacity 101249K, committed 101580K, reserved 1136640K
  class space    used 12961K, capacity 13945K, committed 14028K, reserved 1048576K
}
Event: 10.896 GC heap after
{Heap after GC invocations=18 (full 0):
 garbage-first heap   total 315392K, used 154597K [0x0000000080000000, 0x0000000100000000)
  region size 1024K, 15 young (15360K), 15 survivors (15360K)
 Metaspace       used 98808K, capacity 101249K, committed 101580K, reserved 1136640K
  class space    used 12961K, capacity 13945K, committed 14028K, reserved 1048576K
}
Event: 11.179 GC heap before
{Heap before GC invocations=18 (full 0):
 garbage-first heap   total 315392K, used 246757K [0x0000000080000000, 0x0000000100000000)
  region size 1024K, 105 young (107520K), 15 survivors (15360K)
 Metaspace       used 99821K, capacity 102284K, committed 102476K, reserved 1138688K
  class space    used 13111K, capacity 14089K, committed 14156K, reserved 1048576K
}
Event: 11.195 GC heap after
{Heap after GC invocations=19 (full 0):
 garbage-first heap   total 315392K, used 158495K [0x0000000080000000, 0x0000000100000000)
  region size 1024K, 3 young (3072K), 3 survivors (3072K)
 Metaspace       used 99821K, capacity 102284K, committed 102476K, reserved 1138688K
  class space    used 13111K, capacity 14089K, committed 14156K, reserved 1048576K
}
Event: 11.488 GC heap before
{Heap before GC invocations=19 (full 0):
 garbage-first heap   total 315392K, used 251679K [0x0000000080000000, 0x0000000100000000)
  region size 1024K, 94 young (96256K), 3 survivors (3072K)
 Metaspace       used 100652K, capacity 103156K, committed 103372K, reserved 1138688K
  class space    used 13199K, capacity 14183K, committed 14284K, reserved 1048576K
}
Event: 11.495 GC heap after
{Heap after GC invocations=20 (full 0):
 garbage-first heap   total 315392K, used 158364K [0x0000000080000000, 0x0000000100000000)
  region size 1024K, 3 young (3072K), 3 survivors (3072K)
 Metaspace       used 100652K, capacity 103156K, committed 103372K, reserved 1138688K
  class space    used 13199K, capacity 14183K, committed 14284K, reserved 1048576K
}
Event: 12.006 GC heap before
{Heap before GC invocations=21 (full 0):
 garbage-first heap   total 315392K, used 254620K [0x0000000080000000, 0x0000000100000000)
  region size 1024K, 97 young (99328K), 3 survivors (3072K)
 Metaspace       used 100627K, capacity 103010K, committed 103628K, reserved 1138688K
  class space    used 13130K, capacity 14073K, committed 14284K, reserved 1048576K
}
Event: 12.012 GC heap after
{Heap after GC invocations=22 (full 0):
 garbage-first heap   total 315392K, used 158443K [0x0000000080000000, 0x0000000100000000)
  region size 1024K, 3 young (3072K), 3 survivors (3072K)
 Metaspace       used 100627K, capacity 103010K, committed 103628K, reserved 1138688K
  class space    used 13130K, capacity 14073K, committed 14284K, reserved 1048576K
}
Event: 12.263 GC heap before
{Heap before GC invocations=22 (full 0):
 garbage-first heap   total 315392K, used 257771K [0x0000000080000000, 0x0000000100000000)
  region size 1024K, 100 young (102400K), 3 survivors (3072K)
 Metaspace       used 100658K, capacity 103011K, committed 103628K, reserved 1138688K
  class space    used 13130K, capacity 14073K, committed 14284K, reserved 1048576K
}
Event: 12.268 GC heap after
{Heap after GC invocations=23 (full 0):
 garbage-first heap   total 315392K, used 159638K [0x0000000080000000, 0x0000000100000000)
  region size 1024K, 4 young (4096K), 4 survivors (4096K)
 Metaspace       used 100658K, capacity 103011K, committed 103628K, reserved 1138688K
  class space    used 13130K, capacity 14073K, committed 14284K, reserved 1048576K
}
Event: 12.721 GC heap before
{Heap before GC invocations=24 (full 0):
 garbage-first heap   total 315392K, used 261014K [0x0000000080000000, 0x0000000100000000)
  region size 1024K, 103 young (105472K), 4 survivors (4096K)
 Metaspace       used 101032K, capacity 103408K, committed 103884K, reserved 1138688K
  class space    used 13143K, capacity 14073K, committed 14284K, reserved 1048576K
}
Event: 12.729 GC heap after
{Heap after GC invocations=25 (full 0):
 garbage-first heap   total 315392K, used 159600K [0x0000000080000000, 0x0000000100000000)
  region size 1024K, 4 young (4096K), 4 survivors (4096K)
 Metaspace       used 101032K, capacity 103408K, committed 103884K, reserved 1138688K
  class space    used 13143K, capacity 14073K, committed 14284K, reserved 1048576K
}
Event: 12.979 GC heap before
{Heap before GC invocations=25 (full 0):
 garbage-first heap   total 315392K, used 263024K [0x0000000080000000, 0x0000000100000000)
  region size 1024K, 105 young (107520K), 4 survivors (4096K)
 Metaspace       used 101170K, capacity 103541K, committed 104140K, reserved 1138688K
  class space    used 13144K, capacity 14073K, committed 14284K, reserved 1048576K
}
Event: 12.987 GC heap after
{Heap after GC invocations=26 (full 0):
 garbage-first heap   total 315392K, used 161221K [0x0000000080000000, 0x0000000100000000)
  region size 1024K, 6 young (6144K), 6 survivors (6144K)
 Metaspace       used 101170K, capacity 103541K, committed 104140K, reserved 1138688K
  class space    used 13144K, capacity 14073K, committed 14284K, reserved 1048576K
}
Event: 13.308 GC heap before
{Heap before GC invocations=27 (full 0):
 garbage-first heap   total 315392K, used 265669K [0x0000000080000000, 0x0000000100000000)
  region size 1024K, 108 young (110592K), 6 survivors (6144K)
 Metaspace       used 101443K, capacity 103818K, committed 104396K, reserved 1138688K
  class space    used 13147K, capacity 14074K, committed 14284K, reserved 1048576K
}
Event: 13.315 GC heap after
{Heap after GC invocations=28 (full 0):
 garbage-first heap   total 315392K, used 160768K [0x0000000080000000, 0x0000000100000000)
  region size 1024K, 5 young (5120K), 5 survivors (5120K)
 Metaspace       used 101443K, capacity 103818K, committed 104396K, reserved 1138688K
  class space    used 13147K, capacity 14074K, committed 14284K, reserved 1048576K
}
Event: 13.473 GC heap before
{Heap before GC invocations=28 (full 0):
 garbage-first heap   total 315392K, used 267264K [0x0000000080000000, 0x0000000100000000)
  region size 1024K, 109 young (111616K), 5 survivors (5120K)
 Metaspace       used 101904K, capacity 104325K, committed 104652K, reserved 1140736K
  class space    used 13200K, capacity 14153K, committed 14284K, reserved 1048576K
}
Event: 13.482 GC heap after
{Heap after GC invocations=29 (full 0):
 garbage-first heap   total 315392K, used 161128K [0x0000000080000000, 0x0000000100000000)
  region size 1024K, 6 young (6144K), 6 survivors (6144K)
 Metaspace       used 101904K, capacity 104325K, committed 104652K, reserved 1140736K
  class space    used 13200K, capacity 14153K, committed 14284K, reserved 1048576K
}
Event: 13.887 GC heap before
{Heap before GC invocations=30 (full 0):
 garbage-first heap   total 315392K, used 268648K [0x0000000080000000, 0x0000000100000000)
  region size 1024K, 111 young (113664K), 6 survivors (6144K)
 Metaspace       used 102168K, capacity 104610K, committed 104908K, reserved 1140736K
  class space    used 13253K, capacity 14230K, committed 14284K, reserved 1048576K
}

