# JRE version: OpenJDK Runtime Environment (11.0.11+9) (build 11.0.11+9-b60-7590822)
# Java VM: OpenJDK 64-Bit Server VM (11.0.11+9-b60-7590822, mixed mode, tiered, compressed oops, g1 gc, windows-amd64)
Heap:
 garbage-first heap   total 488448K, used 210117K [0x0000000080000000, 0x0000000100000000)
  region size 1024K, 3 young (3072K), 3 survivors (3072K)
 Metaspace       used 109850K, capacity 112931K, committed 113060K, reserved 1146880K
  class space    used 14075K, capacity 15192K, committed 15232K, reserved 1048576K
GC Heap History (20 events):
Event: 159.786 GC heap after
{Heap after GC invocations=23 (full 0):
 garbage-first heap   total 262144K, used 174758K [0x0000000080000000, 0x0000000100000000)
  region size 1024K, 7 young (7168K), 7 survivors (7168K)
 Metaspace       used 107764K, capacity 110791K, committed 111012K, reserved 1144832K
  class space    used 13783K, capacity 14889K, committed 14976K, reserved 1048576K
}
Event: 159.850 GC heap before
{Heap before GC invocations=24 (full 0):
 garbage-first heap   total 262144K, used 214694K [0x0000000080000000, 0x0000000100000000)
  region size 1024K, 46 young (47104K), 7 survivors (7168K)
 Metaspace       used 108032K, capacity 111103K, committed 111396K, reserved 1146880K
  class space    used 13811K, capacity 14927K, committed 15104K, reserved 1048576K
}
Event: 159.859 GC heap after
{Heap after GC invocations=25 (full 0):
 garbage-first heap   total 262144K, used 183296K [0x0000000080000000, 0x0000000100000000)
  region size 1024K, 6 young (6144K), 6 survivors (6144K)
 Metaspace       used 108032K, capacity 111103K, committed 111396K, reserved 1146880K
  class space    used 13811K, capacity 14927K, committed 15104K, reserved 1048576K
}
Event: 159.868 GC heap before
{Heap before GC invocations=25 (full 0):
 garbage-first heap   total 262144K, used 189440K [0x0000000080000000, 0x0000000100000000)
  region size 1024K, 12 young (12288K), 6 survivors (6144K)
 Metaspace       used 108049K, capacity 111103K, committed 111396K, reserved 1146880K
  class space    used 13814K, capacity 14927K, committed 15104K, reserved 1048576K
}
Event: 159.875 GC heap after
{Heap after GC invocations=26 (full 0):
 garbage-first heap   total 262144K, used 184340K [0x0000000080000000, 0x0000000100000000)
  region size 1024K, 2 young (2048K), 2 survivors (2048K)
 Metaspace       used 108049K, capacity 111103K, committed 111396K, reserved 1146880K
  class space    used 13814K, capacity 14927K, committed 15104K, reserved 1048576K
}
Event: 159.956 GC heap before
{Heap before GC invocations=26 (full 0):
 garbage-first heap   total 262144K, used 217108K [0x0000000080000000, 0x0000000100000000)
  region size 1024K, 34 young (34816K), 2 survivors (2048K)
 Metaspace       used 108619K, capacity 111686K, committed 111908K, reserved 1146880K
  class space    used 13889K, capacity 14993K, committed 15104K, reserved 1048576K
}
Event: 159.964 GC heap after
{Heap after GC invocations=27 (full 0):
 garbage-first heap   total 262144K, used 189799K [0x0000000080000000, 0x0000000100000000)
  region size 1024K, 5 young (5120K), 5 survivors (5120K)
 Metaspace       used 108619K, capacity 111686K, committed 111908K, reserved 1146880K
  class space    used 13889K, capacity 14993K, committed 15104K, reserved 1048576K
}
Event: 160.034 GC heap before
{Heap before GC invocations=27 (full 0):
 garbage-first heap   total 262144K, used 219495K [0x0000000080000000, 0x0000000100000000)
  region size 1024K, 34 young (34816K), 5 survivors (5120K)
 Metaspace       used 108901K, capacity 111974K, committed 112164K, reserved 1146880K
  class space    used 13917K, capacity 15025K, committed 15104K, reserved 1048576K
}
Event: 160.043 GC heap after
{Heap after GC invocations=28 (full 0):
 garbage-first heap   total 262144K, used 195422K [0x0000000080000000, 0x0000000100000000)
  region size 1024K, 5 young (5120K), 5 survivors (5120K)
 Metaspace       used 108901K, capacity 111974K, committed 112164K, reserved 1146880K
  class space    used 13917K, capacity 15025K, committed 15104K, reserved 1048576K
}
Event: 160.174 GC heap before
{Heap before GC invocations=28 (full 0):
 garbage-first heap   total 262144K, used 221022K [0x0000000080000000, 0x0000000100000000)
  region size 1024K, 31 young (31744K), 5 survivors (5120K)
 Metaspace       used 109286K, capacity 112349K, committed 112804K, reserved 1146880K
  class space    used 13976K, capacity 15088K, committed 15232K, reserved 1048576K
}
Event: 160.183 GC heap after
{Heap after GC invocations=29 (full 0):
 garbage-first heap   total 262144K, used 200823K [0x0000000080000000, 0x0000000100000000)
  region size 1024K, 4 young (4096K), 4 survivors (4096K)
 Metaspace       used 109286K, capacity 112349K, committed 112804K, reserved 1146880K
  class space    used 13976K, capacity 15088K, committed 15232K, reserved 1048576K
}
Event: 160.225 GC heap before
{Heap before GC invocations=30 (full 0):
 garbage-first heap   total 262144K, used 223351K [0x0000000080000000, 0x0000000100000000)
  region size 1024K, 26 young (26624K), 4 survivors (4096K)
 Metaspace       used 109447K, capacity 112550K, committed 112804K, reserved 1146880K
  class space    used 14005K, capacity 15114K, committed 15232K, reserved 1048576K
}
Event: 160.234 GC heap after
{Heap after GC invocations=31 (full 0):
 garbage-first heap   total 262144K, used 205824K [0x0000000080000000, 0x0000000100000000)
  region size 1024K, 4 young (4096K), 4 survivors (4096K)
 Metaspace       used 109447K, capacity 112550K, committed 112804K, reserved 1146880K
  class space    used 14005K, capacity 15114K, committed 15232K, reserved 1048576K
}
Event: 160.243 GC heap before
{Heap before GC invocations=31 (full 0):
 garbage-first heap   total 262144K, used 214016K [0x0000000080000000, 0x0000000100000000)
  region size 1024K, 12 young (12288K), 4 survivors (4096K)
 Metaspace       used 109447K, capacity 112550K, committed 112804K, reserved 1146880K
  class space    used 14005K, capacity 15114K, committed 15232K, reserved 1048576K
}
Event: 160.254 GC heap after
{Heap after GC invocations=32 (full 0):
 garbage-first heap   total 262144K, used 197992K [0x0000000080000000, 0x0000000100000000)
  region size 1024K, 2 young (2048K), 2 survivors (2048K)
 Metaspace       used 109447K, capacity 112550K, committed 112804K, reserved 1146880K
  class space    used 14005K, capacity 15114K, committed 15232K, reserved 1048576K
}
Event: 160.285 GC heap before
{Heap before GC invocations=32 (full 0):
 garbage-first heap   total 262144K, used 220520K [0x0000000080000000, 0x0000000100000000)
  region size 1024K, 24 young (24576K), 2 survivors (2048K)
 Metaspace       used 109509K, capacity 112598K, committed 112804K, reserved 1146880K
  class space    used 14007K, capacity 15148K, committed 15232K, reserved 1048576K
}
Event: 160.292 GC heap after
{Heap after GC invocations=33 (full 0):
 garbage-first heap   total 262144K, used 202084K [0x0000000080000000, 0x0000000100000000)
  region size 1024K, 3 young (3072K), 3 survivors (3072K)
 Metaspace       used 109509K, capacity 112598K, committed 112804K, reserved 1146880K
  class space    used 14007K, capacity 15148K, committed 15232K, reserved 1048576K
}
Event: 160.336 GC heap before
{Heap before GC invocations=33 (full 0):
 garbage-first heap   total 262144K, used 223588K [0x0000000080000000, 0x0000000100000000)
  region size 1024K, 24 young (24576K), 3 survivors (3072K)
 Metaspace       used 109538K, capacity 112678K, committed 112804K, reserved 1146880K
  class space    used 14009K, capacity 15151K, committed 15232K, reserved 1048576K
}
Event: 160.342 GC heap after
{Heap after GC invocations=34 (full 0):
 garbage-first heap   total 262144K, used 206374K [0x0000000080000000, 0x0000000100000000)
  region size 1024K, 3 young (3072K), 3 survivors (3072K)
 Metaspace       used 109538K, capacity 112678K, committed 112804K, reserved 1146880K
  class space    used 14009K, capacity 15151K, committed 15232K, reserved 1048576K
}
Event: 160.380 GC heap before
{Heap before GC invocations=34 (full 0):
 garbage-first heap   total 262144K, used 224806K [0x0000000080000000, 0x0000000100000000)
  region size 1024K, 21 young (21504K), 3 survivors (3072K)
 Metaspace       used 109850K, capacity 112931K, committed 113060K, reserved 1146880K
  class space    used 14075K, capacity 15192K, committed 15232K, reserved 1048576K
}

