# JRE version: OpenJDK Runtime Environment (11.0.11+9) (build 11.0.11+9-b60-7590822)
# Java VM: OpenJDK 64-Bit Server VM (11.0.11+9-b60-7590822, mixed mode, tiered, compressed oops, g1 gc, windows-amd64)
Heap:
 garbage-first heap   total 265216K, used 204607K [0x0000000080000000, 0x0000000100000000)
  region size 1024K, 64 young (65536K), 1 survivors (1024K)
 Metaspace       used 129766K, capacity 133201K, committed 134956K, reserved 1165312K
  class space    used 16795K, capacity 18045K, committed 18784K, reserved 1048576K
GC Heap History (20 events):
Event: 27.863 GC heap before
{Heap before GC invocations=15 (full 0):
 garbage-first heap   total 262144K, used 173789K [0x0000000080000000, 0x0000000100000000)
  region size 1024K, 97 young (99328K), 16 survivors (16384K)
 Metaspace       used 98362K, capacity 100915K, committed 101036K, reserved 1136640K
  class space    used 12733K, capacity 13712K, committed 13792K, reserved 1048576K
}
Event: 27.877 GC heap after
{Heap after GC invocations=16 (full 0):
 garbage-first heap   total 262144K, used 96985K [0x0000000080000000, 0x0000000100000000)
  region size 1024K, 6 young (6144K), 6 survivors (6144K)
 Metaspace       used 98362K, capacity 100915K, committed 101036K, reserved 1136640K
  class space    used 12733K, capacity 13712K, committed 13792K, reserved 1048576K
}
Event: 29.632 GC heap before
{Heap before GC invocations=17 (full 0):
 garbage-first heap   total 262144K, used 228057K [0x0000000080000000, 0x0000000100000000)
  region size 1024K, 110 young (112640K), 6 survivors (6144K)
 Metaspace       used 111389K, capacity 114907K, committed 115116K, reserved 1148928K
  class space    used 14923K, capacity 16314K, committed 16352K, reserved 1048576K
}
Event: 29.641 GC heap after
{Heap after GC invocations=18 (full 0):
 garbage-first heap   total 262144K, used 119817K [0x0000000080000000, 0x0000000100000000)
  region size 1024K, 10 young (10240K), 10 survivors (10240K)
 Metaspace       used 111389K, capacity 114907K, committed 115116K, reserved 1148928K
  class space    used 14923K, capacity 16314K, committed 16352K, reserved 1048576K
}
Event: 2108.561 GC heap before
{Heap before GC invocations=19 (full 0):
 garbage-first heap   total 262144K, used 218121K [0x0000000080000000, 0x0000000100000000)
  region size 1024K, 103 young (105472K), 10 survivors (10240K)
 Metaspace       used 115420K, capacity 119162K, committed 119468K, reserved 1150976K
  class space    used 15566K, capacity 17005K, committed 17120K, reserved 1048576K
}
Event: 2108.575 GC heap after
{Heap after GC invocations=20 (full 0):
 garbage-first heap   total 262144K, used 103349K [0x0000000080000000, 0x0000000100000000)
  region size 1024K, 8 young (8192K), 8 survivors (8192K)
 Metaspace       used 115420K, capacity 119162K, committed 119468K, reserved 1150976K
  class space    used 15566K, capacity 17005K, committed 17120K, reserved 1048576K
}
Event: 2109.960 GC heap before
{Heap before GC invocations=20 (full 0):
 garbage-first heap   total 262144K, used 211893K [0x0000000080000000, 0x0000000100000000)
  region size 1024K, 115 young (117760K), 8 survivors (8192K)
 Metaspace       used 120226K, capacity 124122K, committed 124332K, reserved 1157120K
  class space    used 16027K, capacity 17543K, committed 17632K, reserved 1048576K
}
Event: 2109.973 GC heap after
{Heap after GC invocations=21 (full 0):
 garbage-first heap   total 262144K, used 111260K [0x0000000080000000, 0x0000000100000000)
  region size 1024K, 15 young (15360K), 15 survivors (15360K)
 Metaspace       used 120226K, capacity 124122K, committed 124332K, reserved 1157120K
  class space    used 16027K, capacity 17543K, committed 17632K, reserved 1048576K
}
Event: 2111.687 GC heap before
{Heap before GC invocations=21 (full 0):
 garbage-first heap   total 262144K, used 205468K [0x0000000080000000, 0x0000000100000000)
  region size 1024K, 88 young (90112K), 15 survivors (15360K)
 Metaspace       used 121942K, capacity 125885K, committed 125996K, reserved 1157120K
  class space    used 16192K, capacity 17746K, committed 17760K, reserved 1048576K
}
Event: 2111.706 GC heap after
{Heap after GC invocations=22 (full 0):
 garbage-first heap   total 262144K, used 122656K [0x0000000080000000, 0x0000000100000000)
  region size 1024K, 6 young (6144K), 6 survivors (6144K)
 Metaspace       used 121942K, capacity 125885K, committed 125996K, reserved 1157120K
  class space    used 16192K, capacity 17746K, committed 17760K, reserved 1048576K
}
Event: 2120.162 GC heap before
{Heap before GC invocations=23 (full 0):
 garbage-first heap   total 262144K, used 248608K [0x0000000080000000, 0x0000000100000000)
  region size 1024K, 90 young (92160K), 6 survivors (6144K)
 Metaspace       used 123794K, capacity 127888K, committed 128172K, reserved 1159168K
  class space    used 16418K, capacity 17991K, committed 18144K, reserved 1048576K
}
Event: 2120.170 GC heap after
{Heap after GC invocations=24 (full 0):
 garbage-first heap   total 265216K, used 141854K [0x0000000080000000, 0x0000000100000000)
  region size 1024K, 12 young (12288K), 12 survivors (12288K)
 Metaspace       used 123794K, capacity 127888K, committed 128172K, reserved 1159168K
  class space    used 16418K, capacity 17991K, committed 18144K, reserved 1048576K
}
Event: 2120.183 GC heap before
{Heap before GC invocations=24 (full 0):
 garbage-first heap   total 265216K, used 142878K [0x0000000080000000, 0x0000000100000000)
  region size 1024K, 13 young (13312K), 12 survivors (12288K)
 Metaspace       used 123934K, capacity 128019K, committed 128428K, reserved 1159168K
  class space    used 16435K, capacity 17992K, committed 18144K, reserved 1048576K
}
Event: 2120.197 GC heap after
{Heap after GC invocations=25 (full 0):
 garbage-first heap   total 265216K, used 134527K [0x0000000080000000, 0x0000000100000000)
  region size 1024K, 2 young (2048K), 2 survivors (2048K)
 Metaspace       used 123934K, capacity 128019K, committed 128428K, reserved 1159168K
  class space    used 16435K, capacity 17992K, committed 18144K, reserved 1048576K
}
Event: 2120.259 GC heap before
{Heap before GC invocations=25 (full 0):
 garbage-first heap   total 265216K, used 138623K [0x0000000080000000, 0x0000000100000000)
  region size 1024K, 7 young (7168K), 2 survivors (2048K)
 Metaspace       used 124471K, capacity 128595K, committed 128940K, reserved 1161216K
  class space    used 16499K, capacity 18056K, committed 18144K, reserved 1048576K
}
Event: 2120.262 GC heap after
{Heap after GC invocations=26 (full 0):
 garbage-first heap   total 265216K, used 134639K [0x0000000080000000, 0x0000000100000000)
  region size 1024K, 2 young (2048K), 2 survivors (2048K)
 Metaspace       used 124471K, capacity 128595K, committed 128940K, reserved 1161216K
  class space    used 16499K, capacity 18056K, committed 18144K, reserved 1048576K
}
Event: 2121.220 GC heap before
{Heap before GC invocations=27 (full 0):
 garbage-first heap   total 265216K, used 225775K [0x0000000080000000, 0x0000000100000000)
  region size 1024K, 83 young (84992K), 2 survivors (2048K)
 Metaspace       used 129403K, capacity 132804K, committed 134572K, reserved 1165312K
  class space    used 16758K, capacity 18002K, committed 18656K, reserved 1048576K
}
Event: 2121.227 GC heap after
{Heap after GC invocations=28 (full 0):
 garbage-first heap   total 265216K, used 150785K [0x0000000080000000, 0x0000000100000000)
  region size 1024K, 10 young (10240K), 10 survivors (10240K)
 Metaspace       used 129403K, capacity 132804K, committed 134572K, reserved 1165312K
  class space    used 16758K, capacity 18002K, committed 18656K, reserved 1048576K
}
Event: 2121.245 GC heap before
{Heap before GC invocations=28 (full 0):
 garbage-first heap   total 265216K, used 152833K [0x0000000080000000, 0x0000000100000000)
  region size 1024K, 12 young (12288K), 10 survivors (10240K)
 Metaspace       used 129423K, capacity 132868K, committed 134572K, reserved 1165312K
  class space    used 16759K, capacity 18002K, committed 18656K, reserved 1048576K
}
Event: 2121.257 GC heap after
{Heap after GC invocations=29 (full 0):
 garbage-first heap   total 265216K, used 142143K [0x0000000080000000, 0x0000000100000000)
  region size 1024K, 1 young (1024K), 1 survivors (1024K)
 Metaspace       used 129423K, capacity 132868K, committed 134572K, reserved 1165312K
  class space    used 16759K, capacity 18002K, committed 18656K, reserved 1048576K
}

