# JRE version: OpenJDK Runtime Environment (11.0.11+9) (build 11.0.11+9-b60-7590822)
# Java VM: OpenJDK 64-Bit Server VM (11.0.11+9-b60-7590822, mixed mode, tiered, compressed oops, g1 gc, windows-amd64)
Heap:
 garbage-first heap   total 509952K, used 177749K [0x0000000080000000, 0x0000000100000000)
  region size 1024K, 9 young (9216K), 9 survivors (9216K)
 Metaspace       used 119438K, capacity 122409K, committed 122528K, reserved 1155072K
  class space    used 14953K, capacity 16094K, committed 16136K, reserved 1048576K
GC Heap History (20 events):
Event: 25.359 GC heap after
{Heap after GC invocations=44 (full 0):
 garbage-first heap   total 262144K, used 145800K [0x0000000080000000, 0x0000000100000000)
  region size 1024K, 9 young (9216K), 9 survivors (9216K)
 Metaspace       used 119048K, capacity 121937K, committed 122016K, reserved 1155072K
  class space    used 14951K, capacity 16090K, committed 16136K, reserved 1048576K
}
Event: 25.365 GC heap before
{Heap before GC invocations=44 (full 0):
 garbage-first heap   total 262144K, used 147848K [0x0000000080000000, 0x0000000100000000)
  region size 1024K, 12 young (12288K), 9 survivors (9216K)
 Metaspace       used 119048K, capacity 121937K, committed 122016K, reserved 1155072K
  class space    used 14951K, capacity 16090K, committed 16136K, reserved 1048576K
}
Event: 25.372 GC heap after
{Heap after GC invocations=45 (full 0):
 garbage-first heap   total 262144K, used 143791K [0x0000000080000000, 0x0000000100000000)
  region size 1024K, 2 young (2048K), 2 survivors (2048K)
 Metaspace       used 119048K, capacity 121937K, committed 122016K, reserved 1155072K
  class space    used 14951K, capacity 16090K, committed 16136K, reserved 1048576K
}
Event: 25.465 GC heap before
{Heap before GC invocations=45 (full 0):
 garbage-first heap   total 262144K, used 220591K [0x0000000080000000, 0x0000000100000000)
  region size 1024K, 78 young (79872K), 2 survivors (2048K)
 Metaspace       used 119053K, capacity 121937K, committed 122016K, reserved 1155072K
  class space    used 14951K, capacity 16090K, committed 16136K, reserved 1048576K
}
Event: 25.475 GC heap after
{Heap after GC invocations=46 (full 0):
 garbage-first heap   total 315392K, used 148570K [0x0000000080000000, 0x0000000100000000)
  region size 1024K, 7 young (7168K), 7 survivors (7168K)
 Metaspace       used 119053K, capacity 121937K, committed 122016K, reserved 1155072K
  class space    used 14951K, capacity 16090K, committed 16136K, reserved 1048576K
}
Event: 25.985 GC heap before
{Heap before GC invocations=47 (full 0):
 garbage-first heap   total 315392K, used 251994K [0x0000000080000000, 0x0000000100000000)
  region size 1024K, 108 young (110592K), 7 survivors (7168K)
 Metaspace       used 119126K, capacity 122000K, committed 122272K, reserved 1155072K
  class space    used 14948K, capacity 16085K, committed 16136K, reserved 1048576K
}
Event: 25.994 GC heap after
{Heap after GC invocations=48 (full 0):
 garbage-first heap   total 315392K, used 151856K [0x0000000080000000, 0x0000000100000000)
  region size 1024K, 10 young (10240K), 10 survivors (10240K)
 Metaspace       used 119126K, capacity 122000K, committed 122272K, reserved 1155072K
  class space    used 14948K, capacity 16085K, committed 16136K, reserved 1048576K
}
Event: 26.003 GC heap before
{Heap before GC invocations=48 (full 0):
 garbage-first heap   total 315392K, used 156976K [0x0000000080000000, 0x0000000100000000)
  region size 1024K, 15 young (15360K), 10 survivors (10240K)
 Metaspace       used 119126K, capacity 122000K, committed 122272K, reserved 1155072K
  class space    used 14948K, capacity 16085K, committed 16136K, reserved 1048576K
}
Event: 26.011 GC heap after
{Heap after GC invocations=49 (full 0):
 garbage-first heap   total 315392K, used 150118K [0x0000000080000000, 0x0000000100000000)
  region size 1024K, 2 young (2048K), 2 survivors (2048K)
 Metaspace       used 119126K, capacity 122000K, committed 122272K, reserved 1155072K
  class space    used 14948K, capacity 16085K, committed 16136K, reserved 1048576K
}
Event: 26.139 GC heap before
{Heap before GC invocations=49 (full 0):
 garbage-first heap   total 315392K, used 253542K [0x0000000080000000, 0x0000000100000000)
  region size 1024K, 103 young (105472K), 2 survivors (2048K)
 Metaspace       used 119182K, capacity 122076K, committed 122272K, reserved 1155072K
  class space    used 14948K, capacity 16085K, committed 16136K, reserved 1048576K
}
Event: 26.148 GC heap after
{Heap after GC invocations=50 (full 0):
 garbage-first heap   total 315392K, used 158267K [0x0000000080000000, 0x0000000100000000)
  region size 1024K, 10 young (10240K), 10 survivors (10240K)
 Metaspace       used 119182K, capacity 122076K, committed 122272K, reserved 1155072K
  class space    used 14948K, capacity 16085K, committed 16136K, reserved 1048576K
}
Event: 26.419 GC heap before
{Heap before GC invocations=51 (full 0):
 garbage-first heap   total 315392K, used 255547K [0x0000000080000000, 0x0000000100000000)
  region size 1024K, 106 young (108544K), 10 survivors (10240K)
 Metaspace       used 119292K, capacity 122230K, committed 122528K, reserved 1155072K
  class space    used 14949K, capacity 16086K, committed 16136K, reserved 1048576K
}
Event: 26.432 GC heap after
{Heap after GC invocations=52 (full 0):
 garbage-first heap   total 379904K, used 161898K [0x0000000080000000, 0x0000000100000000)
  region size 1024K, 5 young (5120K), 5 survivors (5120K)
 Metaspace       used 119292K, capacity 122230K, committed 122528K, reserved 1155072K
  class space    used 14949K, capacity 16086K, committed 16136K, reserved 1048576K
}
Event: 26.478 GC heap before
{Heap before GC invocations=52 (full 0):
 garbage-first heap   total 379904K, used 174186K [0x0000000080000000, 0x0000000100000000)
  region size 1024K, 18 young (18432K), 5 survivors (5120K)
 Metaspace       used 119293K, capacity 122230K, committed 122528K, reserved 1155072K
  class space    used 14949K, capacity 16086K, committed 16136K, reserved 1048576K
}
Event: 26.488 GC heap after
{Heap after GC invocations=53 (full 0):
 garbage-first heap   total 379904K, used 162188K [0x0000000080000000, 0x0000000100000000)
  region size 1024K, 2 young (2048K), 2 survivors (2048K)
 Metaspace       used 119293K, capacity 122230K, committed 122528K, reserved 1155072K
  class space    used 14949K, capacity 16086K, committed 16136K, reserved 1048576K
}
Event: 26.832 GC heap before
{Heap before GC invocations=53 (full 0):
 garbage-first heap   total 379904K, used 300428K [0x0000000080000000, 0x0000000100000000)
  region size 1024K, 138 young (141312K), 2 survivors (2048K)
 Metaspace       used 119407K, capacity 122336K, committed 122528K, reserved 1155072K
  class space    used 14953K, capacity 16094K, committed 16136K, reserved 1048576K
}
Event: 26.841 GC heap after
{Heap after GC invocations=54 (full 0):
 garbage-first heap   total 379904K, used 172001K [0x0000000080000000, 0x0000000100000000)
  region size 1024K, 11 young (11264K), 11 survivors (11264K)
 Metaspace       used 119407K, capacity 122336K, committed 122528K, reserved 1155072K
  class space    used 14953K, capacity 16094K, committed 16136K, reserved 1048576K
}
Event: 26.866 GC heap before
{Heap before GC invocations=54 (full 0):
 garbage-first heap   total 379904K, used 195553K [0x0000000080000000, 0x0000000100000000)
  region size 1024K, 36 young (36864K), 11 survivors (11264K)
 Metaspace       used 119417K, capacity 122337K, committed 122528K, reserved 1155072K
  class space    used 14953K, capacity 16094K, committed 16136K, reserved 1048576K
}
Event: 26.878 GC heap after
{Heap after GC invocations=55 (full 0):
 garbage-first heap   total 379904K, used 171662K [0x0000000080000000, 0x0000000100000000)
  region size 1024K, 3 young (3072K), 3 survivors (3072K)
 Metaspace       used 119417K, capacity 122337K, committed 122528K, reserved 1155072K
  class space    used 14953K, capacity 16094K, committed 16136K, reserved 1048576K
}
Event: 27.162 GC heap before
{Heap before GC invocations=56 (full 0):
 garbage-first heap   total 379904K, used 268942K [0x0000000080000000, 0x0000000100000000)
  region size 1024K, 97 young (99328K), 3 survivors (3072K)
 Metaspace       used 119438K, capacity 122409K, committed 122528K, reserved 1155072K
  class space    used 14953K, capacity 16094K, committed 16136K, reserved 1048576K
}

