# JRE version: OpenJDK Runtime Environment (11.0.11+9) (build 11.0.11+9-b60-7590822)
# Java VM: OpenJDK 64-Bit Server VM (11.0.11+9-b60-7590822, mixed mode, tiered, compressed oops, g1 gc, windows-amd64)
Heap:
 garbage-first heap   total 507904K, used 191959K [0x0000000080000000, 0x0000000100000000)
  region size 1024K, 8 young (8192K), 8 survivors (8192K)
 Metaspace       used 102430K, capacity 104959K, committed 105196K, reserved 1140736K
  class space    used 13335K, capacity 14314K, committed 14488K, reserved 1048576K
GC Heap History (20 events):
Event: 10.246 GC heap after
{Heap after GC invocations=19 (full 0):
 garbage-first heap   total 262144K, used 132758K [0x0000000080000000, 0x0000000100000000)
  region size 1024K, 11 young (11264K), 11 survivors (11264K)
 Metaspace       used 99161K, capacity 101731K, committed 102124K, reserved 1136640K
  class space    used 13084K, capacity 14087K, committed 14232K, reserved 1048576K
}
Event: 10.583 GC heap before
{Heap before GC invocations=20 (full 0):
 garbage-first heap   total 262144K, used 202390K [0x0000000080000000, 0x0000000100000000)
  region size 1024K, 80 young (81920K), 11 survivors (11264K)
 Metaspace       used 101115K, capacity 103635K, committed 104172K, reserved 1138688K
  class space    used 13271K, capacity 14251K, committed 14488K, reserved 1048576K
}
Event: 10.596 GC heap after
{Heap after GC invocations=21 (full 0):
 garbage-first heap   total 262144K, used 140154K [0x0000000080000000, 0x0000000100000000)
  region size 1024K, 8 young (8192K), 8 survivors (8192K)
 Metaspace       used 101115K, capacity 103635K, committed 104172K, reserved 1138688K
  class space    used 13271K, capacity 14251K, committed 14488K, reserved 1048576K
}
Event: 10.730 GC heap before
{Heap before GC invocations=21 (full 0):
 garbage-first heap   total 262144K, used 206714K [0x0000000080000000, 0x0000000100000000)
  region size 1024K, 74 young (75776K), 8 survivors (8192K)
 Metaspace       used 101282K, capacity 103814K, committed 104172K, reserved 1138688K
  class space    used 13289K, capacity 14288K, committed 14488K, reserved 1048576K
}
Event: 10.749 GC heap after
{Heap after GC invocations=22 (full 0):
 garbage-first heap   total 322560K, used 147433K [0x0000000080000000, 0x0000000100000000)
  region size 1024K, 9 young (9216K), 9 survivors (9216K)
 Metaspace       used 101282K, capacity 103814K, committed 104172K, reserved 1138688K
  class space    used 13289K, capacity 14288K, committed 14488K, reserved 1048576K
}
Event: 11.084 GC heap before
{Heap before GC invocations=23 (full 0):
 garbage-first heap   total 322560K, used 238569K [0x0000000080000000, 0x0000000100000000)
  region size 1024K, 99 young (101376K), 9 survivors (9216K)
 Metaspace       used 101652K, capacity 104156K, committed 104684K, reserved 1140736K
  class space    used 13311K, capacity 14289K, committed 14488K, reserved 1048576K
}
Event: 11.096 GC heap after
{Heap after GC invocations=24 (full 0):
 garbage-first heap   total 322560K, used 155949K [0x0000000080000000, 0x0000000100000000)
  region size 1024K, 11 young (11264K), 11 survivors (11264K)
 Metaspace       used 101652K, capacity 104156K, committed 104684K, reserved 1140736K
  class space    used 13311K, capacity 14289K, committed 14488K, reserved 1048576K
}
Event: 11.206 GC heap before
{Heap before GC invocations=24 (full 0):
 garbage-first heap   total 322560K, used 245037K [0x0000000080000000, 0x0000000100000000)
  region size 1024K, 99 young (101376K), 11 survivors (11264K)
 Metaspace       used 101737K, capacity 104232K, committed 104684K, reserved 1140736K
  class space    used 13312K, capacity 14290K, committed 14488K, reserved 1048576K
}
Event: 11.232 GC heap after
{Heap after GC invocations=25 (full 0):
 garbage-first heap   total 322560K, used 166385K [0x0000000080000000, 0x0000000100000000)
  region size 1024K, 12 young (12288K), 12 survivors (12288K)
 Metaspace       used 101737K, capacity 104232K, committed 104684K, reserved 1140736K
  class space    used 13312K, capacity 14290K, committed 14488K, reserved 1048576K
}
Event: 11.407 GC heap before
{Heap before GC invocations=25 (full 0):
 garbage-first heap   total 322560K, used 251377K [0x0000000080000000, 0x0000000100000000)
  region size 1024K, 96 young (98304K), 12 survivors (12288K)
 Metaspace       used 101797K, capacity 104233K, committed 104684K, reserved 1140736K
  class space    used 13321K, capacity 14290K, committed 14488K, reserved 1048576K
}
Event: 11.419 GC heap after
{Heap after GC invocations=26 (full 0):
 garbage-first heap   total 322560K, used 175240K [0x0000000080000000, 0x0000000100000000)
  region size 1024K, 11 young (11264K), 11 survivors (11264K)
 Metaspace       used 101797K, capacity 104233K, committed 104684K, reserved 1140736K
  class space    used 13321K, capacity 14290K, committed 14488K, reserved 1048576K
}
Event: 11.579 GC heap before
{Heap before GC invocations=27 (full 0):
 garbage-first heap   total 322560K, used 256136K [0x0000000080000000, 0x0000000100000000)
  region size 1024K, 91 young (93184K), 11 survivors (11264K)
 Metaspace       used 101813K, capacity 104258K, committed 104684K, reserved 1140736K
  class space    used 13326K, capacity 14299K, committed 14488K, reserved 1048576K
}
Event: 11.590 GC heap after
{Heap after GC invocations=28 (full 0):
 garbage-first heap   total 388096K, used 179200K [0x0000000080000000, 0x0000000100000000)
  region size 1024K, 6 young (6144K), 6 survivors (6144K)
 Metaspace       used 101813K, capacity 104258K, committed 104684K, reserved 1140736K
  class space    used 13326K, capacity 14299K, committed 14488K, reserved 1048576K
}
Event: 11.783 GC heap before
{Heap before GC invocations=28 (full 0):
 garbage-first heap   total 388096K, used 289792K [0x0000000080000000, 0x0000000100000000)
  region size 1024K, 115 young (117760K), 6 survivors (6144K)
 Metaspace       used 101982K, capacity 104544K, committed 104940K, reserved 1140736K
  class space    used 13331K, capacity 14307K, committed 14488K, reserved 1048576K
}
Event: 11.794 GC heap after
{Heap after GC invocations=29 (full 0):
 garbage-first heap   total 388096K, used 185344K [0x0000000080000000, 0x0000000100000000)
  region size 1024K, 12 young (12288K), 12 survivors (12288K)
 Metaspace       used 101982K, capacity 104544K, committed 104940K, reserved 1140736K
  class space    used 13331K, capacity 14307K, committed 14488K, reserved 1048576K
}
Event: 11.964 GC heap before
{Heap before GC invocations=29 (full 0):
 garbage-first heap   total 388096K, used 297984K [0x0000000080000000, 0x0000000100000000)
  region size 1024K, 122 young (124928K), 12 survivors (12288K)
 Metaspace       used 102285K, capacity 104807K, committed 105196K, reserved 1140736K
  class space    used 13331K, capacity 14307K, committed 14488K, reserved 1048576K
}
Event: 11.976 GC heap after
{Heap after GC invocations=30 (full 0):
 garbage-first heap   total 388096K, used 190478K [0x0000000080000000, 0x0000000100000000)
  region size 1024K, 13 young (13312K), 13 survivors (13312K)
 Metaspace       used 102285K, capacity 104807K, committed 105196K, reserved 1140736K
  class space    used 13331K, capacity 14307K, committed 14488K, reserved 1048576K
}
Event: 12.152 GC heap before
{Heap before GC invocations=30 (full 0):
 garbage-first heap   total 388096K, used 304142K [0x0000000080000000, 0x0000000100000000)
  region size 1024K, 124 young (126976K), 13 survivors (13312K)
 Metaspace       used 102390K, capacity 104881K, committed 105196K, reserved 1140736K
  class space    used 13332K, capacity 14310K, committed 14488K, reserved 1048576K
}
Event: 12.169 GC heap after
{Heap after GC invocations=31 (full 0):
 garbage-first heap   total 388096K, used 191577K [0x0000000080000000, 0x0000000100000000)
  region size 1024K, 7 young (7168K), 7 survivors (7168K)
 Metaspace       used 102390K, capacity 104881K, committed 105196K, reserved 1140736K
  class space    used 13332K, capacity 14310K, committed 14488K, reserved 1048576K
}
Event: 12.498 GC heap before
{Heap before GC invocations=32 (full 0):
 garbage-first heap   total 388096K, used 308313K [0x0000000080000000, 0x0000000100000000)
  region size 1024K, 122 young (124928K), 7 survivors (7168K)
 Metaspace       used 102430K, capacity 104959K, committed 105196K, reserved 1140736K
  class space    used 13335K, capacity 14314K, committed 14488K, reserved 1048576K
}

