# JRE version: OpenJDK Runtime Environment (11.0.11+9) (build 11.0.11+9-b60-7590822)
# Java VM: OpenJDK 64-Bit Server VM (11.0.11+9-b60-7590822, mixed mode, tiered, compressed oops, g1 gc, windows-amd64)
Heap:
 garbage-first heap   total 378880K, used 182925K [0x0000000080000000, 0x0000000100000000)
  region size 1024K, 4 young (4096K), 4 survivors (4096K)
 Metaspace       used 106467K, capacity 108978K, committed 109824K, reserved 1144832K
  class space    used 13940K, capacity 14889K, committed 15232K, reserved 1048576K
GC Heap History (20 events):
Event: 5.630 GC heap after
{Heap after GC invocations=9 (full 0):
 garbage-first heap   total 262144K, used 53641K [0x0000000080000000, 0x0000000100000000)
  region size 1024K, 4 young (4096K), 4 survivors (4096K)
 Metaspace       used 58713K, capacity 60121K, committed 60288K, reserved 1101824K
  class space    used 7553K, capacity 8099K, committed 8192K, reserved 1048576K
}
Event: 6.991 GC heap before
{Heap before GC invocations=10 (full 0):
 garbage-first heap   total 262144K, used 181641K [0x0000000080000000, 0x0000000100000000)
  region size 1024K, 129 young (132096K), 4 survivors (4096K)
 Metaspace       used 72221K, capacity 73846K, committed 73984K, reserved 1114112K
  class space    used 9215K, capacity 9837K, committed 9856K, reserved 1048576K
}
Event: 7.000 GC heap after
{Heap after GC invocations=11 (full 0):
 garbage-first heap   total 262144K, used 59671K [0x0000000080000000, 0x0000000100000000)
  region size 1024K, 10 young (10240K), 10 survivors (10240K)
 Metaspace       used 72221K, capacity 73846K, committed 73984K, reserved 1114112K
  class space    used 9215K, capacity 9837K, committed 9856K, reserved 1048576K
}
Event: 8.104 GC heap before
{Heap before GC invocations=12 (full 0):
 garbage-first heap   total 262144K, used 188695K [0x0000000080000000, 0x0000000100000000)
  region size 1024K, 136 young (139264K), 10 survivors (10240K)
 Metaspace       used 80342K, capacity 82234K, committed 82560K, reserved 1120256K
  class space    used 10454K, capacity 11143K, committed 11264K, reserved 1048576K
}
Event: 8.120 GC heap after
{Heap after GC invocations=13 (full 0):
 garbage-first heap   total 262144K, used 68923K [0x0000000080000000, 0x0000000100000000)
  region size 1024K, 17 young (17408K), 17 survivors (17408K)
 Metaspace       used 80342K, capacity 82234K, committed 82560K, reserved 1120256K
  class space    used 10454K, capacity 11143K, committed 11264K, reserved 1048576K
}
Event: 9.455 GC heap before
{Heap before GC invocations=13 (full 0):
 garbage-first heap   total 262144K, used 194875K [0x0000000080000000, 0x0000000100000000)
  region size 1024K, 141 young (144384K), 17 survivors (17408K)
 Metaspace       used 90207K, capacity 92512K, committed 92672K, reserved 1130496K
  class space    used 11771K, capacity 12620K, committed 12672K, reserved 1048576K
}
Event: 9.473 GC heap after
{Heap after GC invocations=14 (full 0):
 garbage-first heap   total 262144K, used 77288K [0x0000000080000000, 0x0000000100000000)
  region size 1024K, 18 young (18432K), 18 survivors (18432K)
 Metaspace       used 90207K, capacity 92512K, committed 92672K, reserved 1130496K
  class space    used 11771K, capacity 12620K, committed 12672K, reserved 1048576K
}
Event: 10.553 GC heap before
{Heap before GC invocations=14 (full 0):
 garbage-first heap   total 262144K, used 200168K [0x0000000080000000, 0x0000000100000000)
  region size 1024K, 139 young (142336K), 18 survivors (18432K)
 Metaspace       used 95731K, capacity 98056K, committed 98176K, reserved 1134592K
  class space    used 12423K, capacity 13276K, committed 13312K, reserved 1048576K
}
Event: 10.573 GC heap after
{Heap after GC invocations=15 (full 0):
 garbage-first heap   total 262144K, used 84117K [0x0000000080000000, 0x0000000100000000)
  region size 1024K, 16 young (16384K), 16 survivors (16384K)
 Metaspace       used 95731K, capacity 98056K, committed 98176K, reserved 1134592K
  class space    used 12423K, capacity 13276K, committed 13312K, reserved 1048576K
}
Event: 10.936 GC heap before
{Heap before GC invocations=15 (full 0):
 garbage-first heap   total 262144K, used 203925K [0x0000000080000000, 0x0000000100000000)
  region size 1024K, 134 young (137216K), 16 survivors (16384K)
 Metaspace       used 97549K, capacity 99905K, committed 100224K, reserved 1136640K
  class space    used 12635K, capacity 13468K, committed 13568K, reserved 1048576K
}
Event: 10.954 GC heap after
{Heap after GC invocations=16 (full 0):
 garbage-first heap   total 315392K, used 105046K [0x0000000080000000, 0x0000000100000000)
  region size 1024K, 17 young (17408K), 17 survivors (17408K)
 Metaspace       used 97549K, capacity 99905K, committed 100224K, reserved 1136640K
  class space    used 12635K, capacity 13468K, committed 13568K, reserved 1048576K
}
Event: 11.315 GC heap before
{Heap before GC invocations=16 (full 0):
 garbage-first heap   total 315392K, used 237142K [0x0000000080000000, 0x0000000100000000)
  region size 1024K, 147 young (150528K), 17 survivors (17408K)
 Metaspace       used 101264K, capacity 103872K, committed 104192K, reserved 1138688K
  class space    used 13181K, capacity 14123K, committed 14208K, reserved 1048576K
}
Event: 11.337 GC heap after
{Heap after GC invocations=17 (full 0):
 garbage-first heap   total 315392K, used 128395K [0x0000000080000000, 0x0000000100000000)
  region size 1024K, 19 young (19456K), 19 survivors (19456K)
 Metaspace       used 101264K, capacity 103872K, committed 104192K, reserved 1138688K
  class space    used 13181K, capacity 14123K, committed 14208K, reserved 1048576K
}
Event: 11.529 GC heap before
{Heap before GC invocations=17 (full 0):
 garbage-first heap   total 315392K, used 237963K [0x0000000080000000, 0x0000000100000000)
  region size 1024K, 127 young (130048K), 19 survivors (19456K)
 Metaspace       used 102758K, capacity 105440K, committed 105728K, reserved 1140736K
  class space    used 13399K, capacity 14421K, committed 14464K, reserved 1048576K
}
Event: 11.557 GC heap after
{Heap after GC invocations=18 (full 0):
 garbage-first heap   total 315392K, used 145313K [0x0000000080000000, 0x0000000100000000)
  region size 1024K, 16 young (16384K), 16 survivors (16384K)
 Metaspace       used 102758K, capacity 105440K, committed 105728K, reserved 1140736K
  class space    used 13399K, capacity 14421K, committed 14464K, reserved 1048576K
}
Event: 11.688 GC heap before
{Heap before GC invocations=18 (full 0):
 garbage-first heap   total 315392K, used 242593K [0x0000000080000000, 0x0000000100000000)
  region size 1024K, 111 young (113664K), 16 survivors (16384K)
 Metaspace       used 104622K, capacity 107374K, committed 107648K, reserved 1142784K
  class space    used 13754K, capacity 14790K, committed 14848K, reserved 1048576K
}
Event: 11.714 GC heap after
{Heap after GC invocations=19 (full 0):
 garbage-first heap   total 315392K, used 164864K [0x0000000080000000, 0x0000000100000000)
  region size 1024K, 14 young (14336K), 14 survivors (14336K)
 Metaspace       used 104622K, capacity 107374K, committed 107648K, reserved 1142784K
  class space    used 13754K, capacity 14790K, committed 14848K, reserved 1048576K
}
Event: 11.878 GC heap before
{Heap before GC invocations=19 (full 0):
 garbage-first heap   total 315392K, used 247808K [0x0000000080000000, 0x0000000100000000)
  region size 1024K, 95 young (97280K), 14 survivors (14336K)
 Metaspace       used 106040K, capacity 108922K, committed 109184K, reserved 1142784K
  class space    used 13992K, capacity 15069K, committed 15104K, reserved 1048576K
}
Event: 11.898 GC heap after
{Heap after GC invocations=20 (full 0):
 garbage-first heap   total 315392K, used 179141K [0x0000000080000000, 0x0000000100000000)
  region size 1024K, 12 young (12288K), 12 survivors (12288K)
 Metaspace       used 106040K, capacity 108922K, committed 109184K, reserved 1142784K
  class space    used 13992K, capacity 15069K, committed 15104K, reserved 1048576K
}
Event: 12.270 GC heap before
{Heap before GC invocations=21 (full 0):
 garbage-first heap   total 315392K, used 252869K [0x0000000080000000, 0x0000000100000000)
  region size 1024K, 84 young (86016K), 12 survivors (12288K)
 Metaspace       used 106467K, capacity 108978K, committed 109824K, reserved 1144832K
  class space    used 13940K, capacity 14889K, committed 15232K, reserved 1048576K
}

