# JRE version: OpenJDK Runtime Environment (11.0.11+9) (build 11.0.11+9-b60-7590822)
# Java VM: OpenJDK 64-Bit Server VM (11.0.11+9-b60-7590822, mixed mode, tiered, compressed oops, g1 gc, windows-amd64)
Heap:
 garbage-first heap   total 315392K, used 194862K [0x0000000700e00000, 0x0000000800000000)
  region size 1024K, 139 young (142336K), 18 survivors (18432K)
 Metaspace       used 83344K, capacity 84213K, committed 84480K, reserved 1124352K
  class space    used 8781K, capacity 9098K, committed 9216K, reserved 1048576K
GC Heap History (16 events):
Event: 0.488 GC heap before
{Heap before GC invocations=0 (full 0):
 garbage-first heap   total 262144K, used 27648K [0x0000000700e00000, 0x0000000800000000)
  region size 1024K, 24 young (24576K), 0 survivors (0K)
 Metaspace       used 12301K, capacity 12405K, committed 12544K, reserved 1060864K
  class space    used 1155K, capacity 1174K, committed 1280K, reserved 1048576K
}
Event: 0.491 GC heap after
{Heap after GC invocations=1 (full 0):
 garbage-first heap   total 262144K, used 6027K [0x0000000700e00000, 0x0000000800000000)
  region size 1024K, 3 young (3072K), 3 survivors (3072K)
 Metaspace       used 12301K, capacity 12405K, committed 12544K, reserved 1060864K
  class space    used 1155K, capacity 1174K, committed 1280K, reserved 1048576K
}
Event: 0.959 GC heap before
{Heap before GC invocations=1 (full 0):
 garbage-first heap   total 262144K, used 42891K [0x0000000700e00000, 0x0000000800000000)
  region size 1024K, 40 young (40960K), 3 survivors (3072K)
 Metaspace       used 20986K, capacity 21188K, committed 21248K, reserved 1069056K
  class space    used 2221K, capacity 2290K, committed 2304K, reserved 1048576K
}
Event: 0.967 GC heap after
{Heap after GC invocations=2 (full 0):
 garbage-first heap   total 262144K, used 9423K [0x0000000700e00000, 0x0000000800000000)
  region size 1024K, 7 young (7168K), 7 survivors (7168K)
 Metaspace       used 20986K, capacity 21188K, committed 21248K, reserved 1069056K
  class space    used 2221K, capacity 2290K, committed 2304K, reserved 1048576K
}
Event: 1.687 GC heap before
{Heap before GC invocations=3 (full 0):
 garbage-first heap   total 262144K, used 73935K [0x0000000700e00000, 0x0000000800000000)
  region size 1024K, 58 young (59392K), 7 survivors (7168K)
 Metaspace       used 31012K, capacity 31468K, committed 31744K, reserved 1077248K
  class space    used 3672K, capacity 3834K, committed 3840K, reserved 1048576K
}
Event: 1.696 GC heap after
{Heap after GC invocations=4 (full 0):
 garbage-first heap   total 262144K, used 24032K [0x0000000700e00000, 0x0000000800000000)
  region size 1024K, 8 young (8192K), 8 survivors (8192K)
 Metaspace       used 31012K, capacity 31468K, committed 31744K, reserved 1077248K
  class space    used 3672K, capacity 3834K, committed 3840K, reserved 1048576K
}
Event: 1.912 GC heap before
{Heap before GC invocations=4 (full 0):
 garbage-first heap   total 262144K, used 40416K [0x0000000700e00000, 0x0000000800000000)
  region size 1024K, 24 young (24576K), 8 survivors (8192K)
 Metaspace       used 33721K, capacity 34200K, committed 34432K, reserved 1079296K
  class space    used 3958K, capacity 4126K, committed 4224K, reserved 1048576K
}
Event: 1.918 GC heap after
{Heap after GC invocations=5 (full 0):
 garbage-first heap   total 262144K, used 24430K [0x0000000700e00000, 0x0000000800000000)
  region size 1024K, 3 young (3072K), 3 survivors (3072K)
 Metaspace       used 33721K, capacity 34200K, committed 34432K, reserved 1079296K
  class space    used 3958K, capacity 4126K, committed 4224K, reserved 1048576K
}
Event: 1.994 GC heap before
{Heap before GC invocations=5 (full 0):
 garbage-first heap   total 262144K, used 32622K [0x0000000700e00000, 0x0000000800000000)
  region size 1024K, 12 young (12288K), 3 survivors (3072K)
 Metaspace       used 35327K, capacity 35720K, committed 35840K, reserved 1081344K
  class space    used 4126K, capacity 4291K, committed 4352K, reserved 1048576K
}
Event: 1.997 GC heap after
{Heap after GC invocations=6 (full 0):
 garbage-first heap   total 315392K, used 24658K [0x0000000700e00000, 0x0000000800000000)
  region size 1024K, 3 young (3072K), 3 survivors (3072K)
 Metaspace       used 35327K, capacity 35720K, committed 35840K, reserved 1081344K
  class space    used 4126K, capacity 4291K, committed 4352K, reserved 1048576K
}
Event: 3.402 GC heap before
{Heap before GC invocations=7 (full 0):
 garbage-first heap   total 315392K, used 139346K [0x0000000700e00000, 0x0000000800000000)
  region size 1024K, 112 young (114688K), 3 survivors (3072K)
 Metaspace       used 50657K, capacity 51243K, committed 51456K, reserved 1095680K
  class space    used 5818K, capacity 6030K, committed 6144K, reserved 1048576K
}
Event: 3.411 GC heap after
{Heap after GC invocations=8 (full 0):
 garbage-first heap   total 315392K, used 37983K [0x0000000700e00000, 0x0000000800000000)
  region size 1024K, 14 young (14336K), 14 survivors (14336K)
 Metaspace       used 50657K, capacity 51243K, committed 51456K, reserved 1095680K
  class space    used 5818K, capacity 6030K, committed 6144K, reserved 1048576K
}
Event: 5.369 GC heap before
{Heap before GC invocations=8 (full 0):
 garbage-first heap   total 315392K, used 153695K [0x0000000700e00000, 0x0000000800000000)
  region size 1024K, 128 young (131072K), 14 survivors (14336K)
 Metaspace       used 59266K, capacity 60030K, committed 60160K, reserved 1101824K
  class space    used 6659K, capacity 6968K, committed 7040K, reserved 1048576K
}
Event: 5.449 GC heap after
{Heap after GC invocations=9 (full 0):
 garbage-first heap   total 315392K, used 53958K [0x0000000700e00000, 0x0000000800000000)
  region size 1024K, 16 young (16384K), 16 survivors (16384K)
 Metaspace       used 59266K, capacity 60030K, committed 60160K, reserved 1101824K
  class space    used 6659K, capacity 6968K, committed 7040K, reserved 1048576K
}
Event: 7.743 GC heap before
{Heap before GC invocations=10 (full 0):
 garbage-first heap   total 315392K, used 188102K [0x0000000700e00000, 0x0000000800000000)
  region size 1024K, 147 young (150528K), 16 survivors (16384K)
 Metaspace       used 72654K, capacity 73518K, committed 73856K, reserved 1114112K
  class space    used 7912K, capacity 8224K, committed 8320K, reserved 1048576K
}
Event: 7.765 GC heap after
{Heap after GC invocations=11 (full 0):
 garbage-first heap   total 315392K, used 71982K [0x0000000700e00000, 0x0000000800000000)
  region size 1024K, 18 young (18432K), 18 survivors (18432K)
 Metaspace       used 72654K, capacity 73518K, committed 73856K, reserved 1114112K
  class space    used 7912K, capacity 8224K, committed 8320K, reserved 1048576K
}

