# JRE version: OpenJDK Runtime Environment (11.0.11+9) (build 11.0.11+9-b60-7590822)
# Java VM: OpenJDK 64-Bit Server VM (11.0.11+9-b60-7590822, mixed mode, tiered, compressed oops, g1 gc, windows-amd64)
Heap:
 garbage-first heap   total 419840K, used 216661K [0x0000000080000000, 0x0000000100000000)
  region size 1024K, 3 young (3072K), 3 survivors (3072K)
 Metaspace       used 117955K, capacity 121196K, committed 121712K, reserved 1155072K
  class space    used 15153K, capacity 16358K, committed 16512K, reserved 1048576K
GC Heap History (20 events):
Event: 40.461 GC heap after
{Heap after GC invocations=25 (full 0):
 garbage-first heap   total 262144K, used 176770K [0x0000000080000000, 0x0000000100000000)
  region size 1024K, 7 young (7168K), 7 survivors (7168K)
 Metaspace       used 115551K, capacity 118799K, committed 119408K, reserved 1153024K
  class space    used 14812K, capacity 15994K, committed 16256K, reserved 1048576K
}
Event: 40.537 GC heap before
{Heap before GC invocations=25 (full 0):
 garbage-first heap   total 262144K, used 213634K [0x0000000080000000, 0x0000000100000000)
  region size 1024K, 43 young (44032K), 7 survivors (7168K)
 Metaspace       used 116185K, capacity 119426K, committed 119920K, reserved 1153024K
  class space    used 14889K, capacity 16072K, committed 16256K, reserved 1048576K
}
Event: 40.552 GC heap after
{Heap after GC invocations=26 (full 0):
 garbage-first heap   total 262144K, used 183296K [0x0000000080000000, 0x0000000100000000)
  region size 1024K, 6 young (6144K), 6 survivors (6144K)
 Metaspace       used 116185K, capacity 119426K, committed 119920K, reserved 1153024K
  class space    used 14889K, capacity 16072K, committed 16256K, reserved 1048576K
}
Event: 40.667 GC heap before
{Heap before GC invocations=26 (full 0):
 garbage-first heap   total 262144K, used 217088K [0x0000000080000000, 0x0000000100000000)
  region size 1024K, 39 young (39936K), 6 survivors (6144K)
 Metaspace       used 116381K, capacity 119587K, committed 120176K, reserved 1153024K
  class space    used 14912K, capacity 16104K, committed 16256K, reserved 1048576K
}
Event: 40.676 GC heap after
{Heap after GC invocations=27 (full 0):
 garbage-first heap   total 262144K, used 189806K [0x0000000080000000, 0x0000000100000000)
  region size 1024K, 5 young (5120K), 5 survivors (5120K)
 Metaspace       used 116381K, capacity 119587K, committed 120176K, reserved 1153024K
  class space    used 14912K, capacity 16104K, committed 16256K, reserved 1048576K
}
Event: 40.766 GC heap before
{Heap before GC invocations=27 (full 0):
 garbage-first heap   total 262144K, used 218478K [0x0000000080000000, 0x0000000100000000)
  region size 1024K, 34 young (34816K), 5 survivors (5120K)
 Metaspace       used 116802K, capacity 119967K, committed 120560K, reserved 1153024K
  class space    used 14953K, capacity 16141K, committed 16384K, reserved 1048576K
}
Event: 40.777 GC heap after
{Heap after GC invocations=28 (full 0):
 garbage-first heap   total 262144K, used 195492K [0x0000000080000000, 0x0000000100000000)
  region size 1024K, 5 young (5120K), 5 survivors (5120K)
 Metaspace       used 116802K, capacity 119967K, committed 120560K, reserved 1153024K
  class space    used 14953K, capacity 16141K, committed 16384K, reserved 1048576K
}
Event: 40.822 GC heap before
{Heap before GC invocations=29 (full 0):
 garbage-first heap   total 262144K, used 222116K [0x0000000080000000, 0x0000000100000000)
  region size 1024K, 31 young (31744K), 5 survivors (5120K)
 Metaspace       used 117198K, capacity 120348K, committed 120816K, reserved 1155072K
  class space    used 15010K, capacity 16185K, committed 16384K, reserved 1048576K
}
Event: 40.832 GC heap after
{Heap after GC invocations=30 (full 0):
 garbage-first heap   total 262144K, used 200704K [0x0000000080000000, 0x0000000100000000)
  region size 1024K, 4 young (4096K), 4 survivors (4096K)
 Metaspace       used 117198K, capacity 120348K, committed 120816K, reserved 1155072K
  class space    used 15010K, capacity 16185K, committed 16384K, reserved 1048576K
}
Event: 40.842 GC heap before
{Heap before GC invocations=30 (full 0):
 garbage-first heap   total 262144K, used 208896K [0x0000000080000000, 0x0000000100000000)
  region size 1024K, 12 young (12288K), 4 survivors (4096K)
 Metaspace       used 117249K, capacity 120453K, committed 121072K, reserved 1155072K
  class space    used 15022K, capacity 16202K, committed 16384K, reserved 1048576K
}
Event: 40.850 GC heap after
{Heap after GC invocations=31 (full 0):
 garbage-first heap   total 262144K, used 196440K [0x0000000080000000, 0x0000000100000000)
  region size 1024K, 2 young (2048K), 2 survivors (2048K)
 Metaspace       used 117249K, capacity 120453K, committed 121072K, reserved 1155072K
  class space    used 15022K, capacity 16202K, committed 16384K, reserved 1048576K
}
Event: 40.886 GC heap before
{Heap before GC invocations=31 (full 0):
 garbage-first heap   total 262144K, used 221016K [0x0000000080000000, 0x0000000100000000)
  region size 1024K, 27 young (27648K), 2 survivors (2048K)
 Metaspace       used 117433K, capacity 120669K, committed 121072K, reserved 1155072K
  class space    used 15041K, capacity 16248K, committed 16384K, reserved 1048576K
}
Event: 40.894 GC heap after
{Heap after GC invocations=32 (full 0):
 garbage-first heap   total 262144K, used 201422K [0x0000000080000000, 0x0000000100000000)
  region size 1024K, 4 young (4096K), 4 survivors (4096K)
 Metaspace       used 117433K, capacity 120669K, committed 121072K, reserved 1155072K
  class space    used 15041K, capacity 16248K, committed 16384K, reserved 1048576K
}
Event: 40.942 GC heap before
{Heap before GC invocations=32 (full 0):
 garbage-first heap   total 262144K, used 223950K [0x0000000080000000, 0x0000000100000000)
  region size 1024K, 26 young (26624K), 4 survivors (4096K)
 Metaspace       used 117489K, capacity 120699K, committed 121072K, reserved 1155072K
  class space    used 15052K, capacity 16257K, committed 16384K, reserved 1048576K
}
Event: 40.951 GC heap after
{Heap after GC invocations=33 (full 0):
 garbage-first heap   total 262144K, used 206294K [0x0000000080000000, 0x0000000100000000)
  region size 1024K, 4 young (4096K), 4 survivors (4096K)
 Metaspace       used 117489K, capacity 120699K, committed 121072K, reserved 1155072K
  class space    used 15052K, capacity 16257K, committed 16384K, reserved 1048576K
}
Event: 41.001 GC heap before
{Heap before GC invocations=33 (full 0):
 garbage-first heap   total 262144K, used 224726K [0x0000000080000000, 0x0000000100000000)
  region size 1024K, 22 young (22528K), 4 survivors (4096K)
 Metaspace       used 117744K, capacity 120939K, committed 121456K, reserved 1155072K
  class space    used 15102K, capacity 16294K, committed 16512K, reserved 1048576K
}
Event: 41.007 GC heap after
{Heap after GC invocations=34 (full 0):
 garbage-first heap   total 262144K, used 209836K [0x0000000080000000, 0x0000000100000000)
  region size 1024K, 3 young (3072K), 3 survivors (3072K)
 Metaspace       used 117744K, capacity 120939K, committed 121456K, reserved 1155072K
  class space    used 15102K, capacity 16294K, committed 16512K, reserved 1048576K
}
Event: 41.033 GC heap before
{Heap before GC invocations=34 (full 0):
 garbage-first heap   total 262144K, used 225196K [0x0000000080000000, 0x0000000100000000)
  region size 1024K, 19 young (19456K), 3 survivors (3072K)
 Metaspace       used 117823K, capacity 121035K, committed 121456K, reserved 1155072K
  class space    used 15126K, capacity 16326K, committed 16512K, reserved 1048576K
}
Event: 41.038 GC heap after
{Heap after GC invocations=35 (full 0):
 garbage-first heap   total 262144K, used 213404K [0x0000000080000000, 0x0000000100000000)
  region size 1024K, 3 young (3072K), 3 survivors (3072K)
 Metaspace       used 117823K, capacity 121035K, committed 121456K, reserved 1155072K
  class space    used 15126K, capacity 16326K, committed 16512K, reserved 1048576K
}
Event: 41.081 GC heap before
{Heap before GC invocations=35 (full 0):
 garbage-first heap   total 262144K, used 227740K [0x0000000080000000, 0x0000000100000000)
  region size 1024K, 17 young (17408K), 3 survivors (3072K)
 Metaspace       used 117955K, capacity 121196K, committed 121712K, reserved 1155072K
  class space    used 15153K, capacity 16358K, committed 16512K, reserved 1048576K
}

