# JRE version: OpenJDK Runtime Environment (11.0.11+9) (build 11.0.11+9-b60-7590822)
# Java VM: OpenJDK 64-Bit Server VM (11.0.11+9-b60-7590822, mixed mode, tiered, compressed oops, g1 gc, windows-amd64)
Heap:
 garbage-first heap   total 315392K, used 221509K [0x0000000080000000, 0x0000000100000000)
  region size 1024K, 158 young (161792K), 16 survivors (16384K)
 Metaspace       used 90757K, capacity 92961K, committed 93200K, reserved 1130496K
  class space    used 11758K, capacity 12572K, committed 12672K, reserved 1048576K
GC Heap History (20 events):
Event: 0.902 GC heap before
{Heap before GC invocations=1 (full 0):
 garbage-first heap   total 262144K, used 31906K [0x0000000080000000, 0x0000000100000000)
  region size 1024K, 25 young (25600K), 3 survivors (3072K)
 Metaspace       used 11206K, capacity 11449K, committed 11520K, reserved 1058816K
  class space    used 1174K, capacity 1244K, committed 1280K, reserved 1048576K
}
Event: 0.904 GC heap after
{Heap after GC invocations=2 (full 0):
 garbage-first heap   total 262144K, used 10263K [0x0000000080000000, 0x0000000100000000)
  region size 1024K, 1 young (1024K), 1 survivors (1024K)
 Metaspace       used 11206K, capacity 11449K, committed 11520K, reserved 1058816K
  class space    used 1174K, capacity 1244K, committed 1280K, reserved 1048576K
}
Event: 1.651 GC heap before
{Heap before GC invocations=2 (full 0):
 garbage-first heap   total 262144K, used 66583K [0x0000000080000000, 0x0000000100000000)
  region size 1024K, 56 young (57344K), 1 survivors (1024K)
 Metaspace       used 18430K, capacity 18811K, committed 19072K, reserved 1067008K
  class space    used 2205K, capacity 2320K, committed 2432K, reserved 1048576K
}
Event: 1.655 GC heap after
{Heap after GC invocations=3 (full 0):
 garbage-first heap   total 262144K, used 16857K [0x0000000080000000, 0x0000000100000000)
  region size 1024K, 7 young (7168K), 7 survivors (7168K)
 Metaspace       used 18430K, capacity 18811K, committed 19072K, reserved 1067008K
  class space    used 2205K, capacity 2320K, committed 2432K, reserved 1048576K
}
Event: 1.811 GC heap before
{Heap before GC invocations=3 (full 0):
 garbage-first heap   total 262144K, used 36313K [0x0000000080000000, 0x0000000100000000)
  region size 1024K, 27 young (27648K), 7 survivors (7168K)
 Metaspace       used 20668K, capacity 21086K, committed 21248K, reserved 1067008K
  class space    used 2543K, capacity 2695K, committed 2816K, reserved 1048576K
}
Event: 1.817 GC heap after
{Heap after GC invocations=4 (full 0):
 garbage-first heap   total 262144K, used 17549K [0x0000000080000000, 0x0000000100000000)
  region size 1024K, 1 young (1024K), 1 survivors (1024K)
 Metaspace       used 20668K, capacity 21086K, committed 21248K, reserved 1067008K
  class space    used 2543K, capacity 2695K, committed 2816K, reserved 1048576K
}
Event: 2.410 GC heap before
{Heap before GC invocations=5 (full 0):
 garbage-first heap   total 262144K, used 91277K [0x0000000080000000, 0x0000000100000000)
  region size 1024K, 73 young (74752K), 1 survivors (1024K)
 Metaspace       used 27875K, capacity 28530K, committed 28800K, reserved 1075200K
  class space    used 3700K, capacity 3908K, committed 3968K, reserved 1048576K
}
Event: 2.419 GC heap after
{Heap after GC invocations=6 (full 0):
 garbage-first heap   total 262144K, used 20071K [0x0000000080000000, 0x0000000100000000)
  region size 1024K, 4 young (4096K), 4 survivors (4096K)
 Metaspace       used 27875K, capacity 28530K, committed 28800K, reserved 1075200K
  class space    used 3700K, capacity 3908K, committed 3968K, reserved 1048576K
}
Event: 3.429 GC heap before
{Heap before GC invocations=7 (full 0):
 garbage-first heap   total 262144K, used 124519K [0x0000000080000000, 0x0000000100000000)
  region size 1024K, 104 young (106496K), 4 survivors (4096K)
 Metaspace       used 39828K, capacity 40814K, committed 41088K, reserved 1085440K
  class space    used 5089K, capacity 5467K, committed 5504K, reserved 1048576K
}
Event: 3.439 GC heap after
{Heap after GC invocations=8 (full 0):
 garbage-first heap   total 262144K, used 28413K [0x0000000080000000, 0x0000000100000000)
  region size 1024K, 12 young (12288K), 12 survivors (12288K)
 Metaspace       used 39828K, capacity 40814K, committed 41088K, reserved 1085440K
  class space    used 5089K, capacity 5467K, committed 5504K, reserved 1048576K
}
Event: 4.081 GC heap before
{Heap before GC invocations=8 (full 0):
 garbage-first heap   total 262144K, used 109309K [0x0000000080000000, 0x0000000100000000)
  region size 1024K, 92 young (94208K), 12 survivors (12288K)
 Metaspace       used 46821K, capacity 47942K, committed 48000K, reserved 1091584K
  class space    used 6032K, capacity 6473K, committed 6528K, reserved 1048576K
}
Event: 4.097 GC heap after
{Heap after GC invocations=9 (full 0):
 garbage-first heap   total 262144K, used 31063K [0x0000000080000000, 0x0000000100000000)
  region size 1024K, 11 young (11264K), 11 survivors (11264K)
 Metaspace       used 46821K, capacity 47942K, committed 48000K, reserved 1091584K
  class space    used 6032K, capacity 6473K, committed 6528K, reserved 1048576K
}
Event: 5.409 GC heap before
{Heap before GC invocations=10 (full 0):
 garbage-first heap   total 262144K, used 182615K [0x0000000080000000, 0x0000000100000000)
  region size 1024K, 151 young (154624K), 11 survivors (11264K)
 Metaspace       used 59706K, capacity 61192K, committed 61440K, reserved 1101824K
  class space    used 7592K, capacity 8136K, committed 8192K, reserved 1048576K
}
Event: 5.421 GC heap after
{Heap after GC invocations=11 (full 0):
 garbage-first heap   total 262144K, used 53146K [0x0000000080000000, 0x0000000100000000)
  region size 1024K, 17 young (17408K), 17 survivors (17408K)
 Metaspace       used 59706K, capacity 61192K, committed 61440K, reserved 1101824K
  class space    used 7592K, capacity 8136K, committed 8192K, reserved 1048576K
}
Event: 6.494 GC heap before
{Heap before GC invocations=11 (full 0):
 garbage-first heap   total 262144K, used 191386K [0x0000000080000000, 0x0000000100000000)
  region size 1024K, 152 young (155648K), 17 survivors (17408K)
 Metaspace       used 67502K, capacity 69122K, committed 69376K, reserved 1110016K
  class space    used 8548K, capacity 9161K, committed 9216K, reserved 1048576K
}
Event: 6.509 GC heap after
{Heap after GC invocations=12 (full 0):
 garbage-first heap   total 315392K, used 62494K [0x0000000080000000, 0x0000000100000000)
  region size 1024K, 11 young (11264K), 11 survivors (11264K)
 Metaspace       used 67502K, capacity 69122K, committed 69376K, reserved 1110016K
  class space    used 8548K, capacity 9161K, committed 9216K, reserved 1048576K
}
Event: 7.724 GC heap before
{Heap before GC invocations=12 (full 0):
 garbage-first heap   total 315392K, used 175134K [0x0000000080000000, 0x0000000100000000)
  region size 1024K, 122 young (124928K), 11 survivors (11264K)
 Metaspace       used 78573K, capacity 80295K, committed 80384K, reserved 1118208K
  class space    used 10256K, capacity 10937K, committed 11008K, reserved 1048576K
}
Event: 7.745 GC heap after
{Heap after GC invocations=13 (full 0):
 garbage-first heap   total 315392K, used 69106K [0x0000000080000000, 0x0000000100000000)
  region size 1024K, 17 young (17408K), 17 survivors (17408K)
 Metaspace       used 78573K, capacity 80295K, committed 80384K, reserved 1118208K
  class space    used 10256K, capacity 10937K, committed 11008K, reserved 1048576K
}
Event: 9.209 GC heap before
{Heap before GC invocations=14 (full 0):
 garbage-first heap   total 315392K, used 229874K [0x0000000080000000, 0x0000000100000000)
  region size 1024K, 175 young (179200K), 17 survivors (17408K)
 Metaspace       used 87367K, capacity 89487K, committed 89744K, reserved 1126400K
  class space    used 11367K, capacity 12163K, committed 12288K, reserved 1048576K
}
Event: 9.240 GC heap after
{Heap after GC invocations=15 (full 0):
 garbage-first heap   total 315392K, used 78149K [0x0000000080000000, 0x0000000100000000)
  region size 1024K, 16 young (16384K), 16 survivors (16384K)
 Metaspace       used 87367K, capacity 89487K, committed 89744K, reserved 1126400K
  class space    used 11367K, capacity 12163K, committed 12288K, reserved 1048576K
}

