# JRE version: OpenJDK Runtime Environment (11.0.11+9) (build 11.0.11+9-b60-7590822)
# Java VM: OpenJDK 64-Bit Server VM (11.0.11+9-b60-7590822, mixed mode, tiered, compressed oops, g1 gc, windows-amd64)
Heap:
 garbage-first heap   total 315392K, used 199919K [0x0000000080000000, 0x0000000100000000)
  region size 1024K, 35 young (35840K), 9 survivors (9216K)
 Metaspace       used 133880K, capacity 137979K, committed 138232K, reserved 1169408K
  class space    used 16861K, capacity 18354K, committed 18424K, reserved 1048576K
GC Heap History (20 events):
Event: 99.197 GC heap before
{Heap before GC invocations=40 (full 0):
 garbage-first heap   total 262144K, used 221244K [0x0000000080000000, 0x0000000100000000)
  region size 1024K, 56 young (57344K), 1 survivors (1024K)
 Metaspace       used 132392K, capacity 136350K, committed 136824K, reserved 1167360K
  class space    used 16756K, capacity 18177K, committed 18296K, reserved 1048576K
}
Event: 99.200 GC heap after
{Heap after GC invocations=41 (full 0):
 garbage-first heap   total 262144K, used 165668K [0x0000000080000000, 0x0000000100000000)
  region size 1024K, 2 young (2048K), 2 survivors (2048K)
 Metaspace       used 132392K, capacity 136350K, committed 136824K, reserved 1167360K
  class space    used 16756K, capacity 18177K, committed 18296K, reserved 1048576K
}
Event: 99.305 GC heap before
{Heap before GC invocations=41 (full 0):
 garbage-first heap   total 262144K, used 223012K [0x0000000080000000, 0x0000000100000000)
  region size 1024K, 58 young (59392K), 2 survivors (2048K)
 Metaspace       used 132470K, capacity 136418K, committed 136952K, reserved 1167360K
  class space    used 16765K, capacity 18220K, committed 18424K, reserved 1048576K
}
Event: 99.307 GC heap after
{Heap after GC invocations=42 (full 0):
 garbage-first heap   total 262144K, used 166227K [0x0000000080000000, 0x0000000100000000)
  region size 1024K, 2 young (2048K), 2 survivors (2048K)
 Metaspace       used 132470K, capacity 136418K, committed 136952K, reserved 1167360K
  class space    used 16765K, capacity 18220K, committed 18424K, reserved 1048576K
}
Event: 99.425 GC heap before
{Heap before GC invocations=42 (full 0):
 garbage-first heap   total 262144K, used 223571K [0x0000000080000000, 0x0000000100000000)
  region size 1024K, 59 young (60416K), 2 survivors (2048K)
 Metaspace       used 132868K, capacity 137019K, committed 137208K, reserved 1167360K
  class space    used 16825K, capacity 18315K, committed 18424K, reserved 1048576K
}
Event: 99.428 GC heap after
{Heap after GC invocations=43 (full 0):
 garbage-first heap   total 262144K, used 167971K [0x0000000080000000, 0x0000000100000000)
  region size 1024K, 4 young (4096K), 4 survivors (4096K)
 Metaspace       used 132868K, capacity 137019K, committed 137208K, reserved 1167360K
  class space    used 16825K, capacity 18315K, committed 18424K, reserved 1048576K
}
Event: 99.511 GC heap before
{Heap before GC invocations=43 (full 0):
 garbage-first heap   total 262144K, used 225315K [0x0000000080000000, 0x0000000100000000)
  region size 1024K, 60 young (61440K), 4 survivors (4096K)
 Metaspace       used 132936K, capacity 137044K, committed 137208K, reserved 1167360K
  class space    used 16835K, capacity 18322K, committed 18424K, reserved 1048576K
}
Event: 99.516 GC heap after
{Heap after GC invocations=44 (full 0):
 garbage-first heap   total 262144K, used 168686K [0x0000000080000000, 0x0000000100000000)
  region size 1024K, 5 young (5120K), 5 survivors (5120K)
 Metaspace       used 132936K, capacity 137044K, committed 137208K, reserved 1167360K
  class space    used 16835K, capacity 18322K, committed 18424K, reserved 1048576K
}
Event: 99.639 GC heap before
{Heap before GC invocations=44 (full 0):
 garbage-first heap   total 262144K, used 225006K [0x0000000080000000, 0x0000000100000000)
  region size 1024K, 61 young (62464K), 5 survivors (5120K)
 Metaspace       used 133216K, capacity 137376K, committed 137464K, reserved 1169408K
  class space    used 16846K, capacity 18343K, committed 18424K, reserved 1048576K
}
Event: 99.645 GC heap after
{Heap after GC invocations=45 (full 0):
 garbage-first heap   total 262144K, used 168787K [0x0000000080000000, 0x0000000100000000)
  region size 1024K, 5 young (5120K), 5 survivors (5120K)
 Metaspace       used 133216K, capacity 137376K, committed 137464K, reserved 1169408K
  class space    used 16846K, capacity 18343K, committed 18424K, reserved 1048576K
}
Event: 99.758 GC heap before
{Heap before GC invocations=45 (full 0):
 garbage-first heap   total 262144K, used 226131K [0x0000000080000000, 0x0000000100000000)
  region size 1024K, 61 young (62464K), 5 survivors (5120K)
 Metaspace       used 133313K, capacity 137448K, committed 137720K, reserved 1169408K
  class space    used 16846K, capacity 18343K, committed 18424K, reserved 1048576K
}
Event: 99.763 GC heap after
{Heap after GC invocations=46 (full 0):
 garbage-first heap   total 262144K, used 167543K [0x0000000080000000, 0x0000000100000000)
  region size 1024K, 3 young (3072K), 3 survivors (3072K)
 Metaspace       used 133313K, capacity 137448K, committed 137720K, reserved 1169408K
  class space    used 16846K, capacity 18343K, committed 18424K, reserved 1048576K
}
Event: 99.917 GC heap before
{Heap before GC invocations=46 (full 0):
 garbage-first heap   total 262144K, used 226935K [0x0000000080000000, 0x0000000100000000)
  region size 1024K, 61 young (62464K), 3 survivors (3072K)
 Metaspace       used 133527K, capacity 137663K, committed 137976K, reserved 1169408K
  class space    used 16850K, capacity 18344K, committed 18424K, reserved 1048576K
}
Event: 99.922 GC heap after
{Heap after GC invocations=47 (full 0):
 garbage-first heap   total 262144K, used 169306K [0x0000000080000000, 0x0000000100000000)
  region size 1024K, 5 young (5120K), 5 survivors (5120K)
 Metaspace       used 133527K, capacity 137663K, committed 137976K, reserved 1169408K
  class space    used 16850K, capacity 18344K, committed 18424K, reserved 1048576K
}
Event: 100.028 GC heap before
{Heap before GC invocations=47 (full 0):
 garbage-first heap   total 262144K, used 226650K [0x0000000080000000, 0x0000000100000000)
  region size 1024K, 62 young (63488K), 5 survivors (5120K)
 Metaspace       used 133637K, capacity 137742K, committed 137976K, reserved 1169408K
  class space    used 16850K, capacity 18344K, committed 18424K, reserved 1048576K
}
Event: 100.033 GC heap after
{Heap after GC invocations=48 (full 0):
 garbage-first heap   total 315392K, used 168664K [0x0000000080000000, 0x0000000100000000)
  region size 1024K, 4 young (4096K), 4 survivors (4096K)
 Metaspace       used 133637K, capacity 137742K, committed 137976K, reserved 1169408K
  class space    used 16850K, capacity 18344K, committed 18424K, reserved 1048576K
}
Event: 100.185 GC heap before
{Heap before GC invocations=48 (full 0):
 garbage-first heap   total 315392K, used 260824K [0x0000000080000000, 0x0000000100000000)
  region size 1024K, 95 young (97280K), 4 survivors (4096K)
 Metaspace       used 133789K, capacity 137901K, committed 137976K, reserved 1169408K
  class space    used 16860K, capacity 18351K, committed 18424K, reserved 1048576K
}
Event: 100.190 GC heap after
{Heap after GC invocations=49 (full 0):
 garbage-first heap   total 315392K, used 171411K [0x0000000080000000, 0x0000000100000000)
  region size 1024K, 6 young (6144K), 6 survivors (6144K)
 Metaspace       used 133789K, capacity 137901K, committed 137976K, reserved 1169408K
  class space    used 16860K, capacity 18351K, committed 18424K, reserved 1048576K
}
Event: 100.306 GC heap before
{Heap before GC invocations=49 (full 0):
 garbage-first heap   total 315392K, used 259475K [0x0000000080000000, 0x0000000100000000)
  region size 1024K, 93 young (95232K), 6 survivors (6144K)
 Metaspace       used 133880K, capacity 137979K, committed 138232K, reserved 1169408K
  class space    used 16861K, capacity 18354K, committed 18424K, reserved 1048576K
}
Event: 100.312 GC heap after
{Heap after GC invocations=50 (full 0):
 garbage-first heap   total 315392K, used 174319K [0x0000000080000000, 0x0000000100000000)
  region size 1024K, 9 young (9216K), 9 survivors (9216K)
 Metaspace       used 133880K, capacity 137979K, committed 138232K, reserved 1169408K
  class space    used 16861K, capacity 18354K, committed 18424K, reserved 1048576K
}

