# JRE version: OpenJDK Runtime Environment (11.0.11+9) (build 11.0.11+9-b60-7590822)
# Java VM: OpenJDK 64-Bit Server VM (11.0.11+9-b60-7590822, mixed mode, tiered, compressed oops, g1 gc, windows-amd64)
Heap:
 garbage-first heap   total 315392K, used 265128K [0x0000000080000000, 0x0000000100000000)
  region size 1024K, 109 young (111616K), 1 survivors (1024K)
 Metaspace       used 111505K, capacity 114312K, committed 115064K, reserved 1148928K
  class space    used 14187K, capacity 15306K, committed 15564K, reserved 1048576K
GC Heap History (20 events):
Event: 11.957 GC heap before
{Heap before GC invocations=20 (full 0):
 garbage-first heap   total 315392K, used 236649K [0x0000000080000000, 0x0000000100000000)
  region size 1024K, 133 young (136192K), 18 survivors (18432K)
 Metaspace       used 108148K, capacity 110894K, committed 110968K, reserved 1144832K
  class space    used 13931K, capacity 14996K, committed 15052K, reserved 1048576K
}
Event: 11.975 GC heap after
{Heap after GC invocations=21 (full 0):
 garbage-first heap   total 315392K, used 129608K [0x0000000080000000, 0x0000000100000000)
  region size 1024K, 13 young (13312K), 13 survivors (13312K)
 Metaspace       used 108148K, capacity 110894K, committed 110968K, reserved 1144832K
  class space    used 13931K, capacity 14996K, committed 15052K, reserved 1048576K
}
Event: 12.252 GC heap before
{Heap before GC invocations=21 (full 0):
 garbage-first heap   total 315392K, used 243272K [0x0000000080000000, 0x0000000100000000)
  region size 1024K, 125 young (128000K), 13 survivors (13312K)
 Metaspace       used 110206K, capacity 113215K, committed 113400K, reserved 1146880K
  class space    used 14204K, capacity 15401K, committed 15436K, reserved 1048576K
}
Event: 12.269 GC heap after
{Heap after GC invocations=22 (full 0):
 garbage-first heap   total 315392K, used 140205K [0x0000000080000000, 0x0000000100000000)
  region size 1024K, 11 young (11264K), 11 survivors (11264K)
 Metaspace       used 110206K, capacity 113215K, committed 113400K, reserved 1146880K
  class space    used 14204K, capacity 15401K, committed 15436K, reserved 1048576K
}
Event: 12.502 GC heap before
{Heap before GC invocations=22 (full 0):
 garbage-first heap   total 315392K, used 248749K [0x0000000080000000, 0x0000000100000000)
  region size 1024K, 118 young (120832K), 11 survivors (11264K)
 Metaspace       used 110649K, capacity 113619K, committed 113784K, reserved 1146880K
  class space    used 14261K, capacity 15448K, committed 15564K, reserved 1048576K
}
Event: 12.516 GC heap after
{Heap after GC invocations=23 (full 0):
 garbage-first heap   total 315392K, used 153425K [0x0000000080000000, 0x0000000100000000)
  region size 1024K, 13 young (13312K), 13 survivors (13312K)
 Metaspace       used 110649K, capacity 113619K, committed 113784K, reserved 1146880K
  class space    used 14261K, capacity 15448K, committed 15564K, reserved 1048576K
}
Event: 12.674 GC heap before
{Heap before GC invocations=23 (full 0):
 garbage-first heap   total 315392K, used 251729K [0x0000000080000000, 0x0000000100000000)
  region size 1024K, 110 young (112640K), 13 survivors (13312K)
 Metaspace       used 110690K, capacity 113728K, committed 114040K, reserved 1148928K
  class space    used 14271K, capacity 15463K, committed 15564K, reserved 1048576K
}
Event: 12.687 GC heap after
{Heap after GC invocations=24 (full 0):
 garbage-first heap   total 315392K, used 157220K [0x0000000080000000, 0x0000000100000000)
  region size 1024K, 6 young (6144K), 6 survivors (6144K)
 Metaspace       used 110690K, capacity 113728K, committed 114040K, reserved 1148928K
  class space    used 14271K, capacity 15463K, committed 15564K, reserved 1048576K
}
Event: 12.897 GC heap before
{Heap before GC invocations=24 (full 0):
 garbage-first heap   total 315392K, used 256548K [0x0000000080000000, 0x0000000100000000)
  region size 1024K, 103 young (105472K), 6 survivors (6144K)
 Metaspace       used 110963K, capacity 114018K, committed 114296K, reserved 1148928K
  class space    used 14312K, capacity 15516K, committed 15564K, reserved 1048576K
}
Event: 12.905 GC heap after
{Heap after GC invocations=25 (full 0):
 garbage-first heap   total 315392K, used 156719K [0x0000000080000000, 0x0000000100000000)
  region size 1024K, 6 young (6144K), 6 survivors (6144K)
 Metaspace       used 110963K, capacity 114018K, committed 114296K, reserved 1148928K
  class space    used 14312K, capacity 15516K, committed 15564K, reserved 1048576K
}
Event: 13.225 GC heap before
{Heap before GC invocations=26 (full 0):
 garbage-first heap   total 315392K, used 258095K [0x0000000080000000, 0x0000000100000000)
  region size 1024K, 106 young (108544K), 6 survivors (6144K)
 Metaspace       used 110673K, capacity 113400K, committed 114552K, reserved 1148928K
  class space    used 14125K, capacity 15179K, committed 15564K, reserved 1048576K
}
Event: 13.230 GC heap after
{Heap after GC invocations=27 (full 0):
 garbage-first heap   total 315392K, used 157767K [0x0000000080000000, 0x0000000100000000)
  region size 1024K, 7 young (7168K), 7 survivors (7168K)
 Metaspace       used 110673K, capacity 113400K, committed 114552K, reserved 1148928K
  class space    used 14125K, capacity 15179K, committed 15564K, reserved 1048576K
}
Event: 13.242 GC heap before
{Heap before GC invocations=27 (full 0):
 garbage-first heap   total 315392K, used 165959K [0x0000000080000000, 0x0000000100000000)
  region size 1024K, 15 young (15360K), 7 survivors (7168K)
 Metaspace       used 110673K, capacity 113400K, committed 114552K, reserved 1148928K
  class space    used 14125K, capacity 15179K, committed 15564K, reserved 1048576K
}
Event: 13.247 GC heap after
{Heap after GC invocations=28 (full 0):
 garbage-first heap   total 315392K, used 154979K [0x0000000080000000, 0x0000000100000000)
  region size 1024K, 1 young (1024K), 1 survivors (1024K)
 Metaspace       used 110673K, capacity 113400K, committed 114552K, reserved 1148928K
  class space    used 14125K, capacity 15179K, committed 15564K, reserved 1048576K
}
Event: 13.408 GC heap before
{Heap before GC invocations=28 (full 0):
 garbage-first heap   total 315392K, used 261475K [0x0000000080000000, 0x0000000100000000)
  region size 1024K, 105 young (107520K), 1 survivors (1024K)
 Metaspace       used 110940K, capacity 113730K, committed 114552K, reserved 1148928K
  class space    used 14180K, capacity 15271K, committed 15564K, reserved 1048576K
}
Event: 13.414 GC heap after
{Heap after GC invocations=29 (full 0):
 garbage-first heap   total 315392K, used 155486K [0x0000000080000000, 0x0000000100000000)
  region size 1024K, 2 young (2048K), 2 survivors (2048K)
 Metaspace       used 110940K, capacity 113730K, committed 114552K, reserved 1148928K
  class space    used 14180K, capacity 15271K, committed 15564K, reserved 1048576K
}
Event: 13.713 GC heap before
{Heap before GC invocations=30 (full 0):
 garbage-first heap   total 315392K, used 264030K [0x0000000080000000, 0x0000000100000000)
  region size 1024K, 108 young (110592K), 2 survivors (2048K)
 Metaspace       used 111196K, capacity 114010K, committed 114808K, reserved 1148928K
  class space    used 14181K, capacity 15272K, committed 15564K, reserved 1048576K
}
Event: 13.718 GC heap after
{Heap after GC invocations=31 (full 0):
 garbage-first heap   total 315392K, used 156003K [0x0000000080000000, 0x0000000100000000)
  region size 1024K, 2 young (2048K), 2 survivors (2048K)
 Metaspace       used 111196K, capacity 114010K, committed 114808K, reserved 1148928K
  class space    used 14181K, capacity 15272K, committed 15564K, reserved 1048576K
}
Event: 13.737 GC heap before
{Heap before GC invocations=31 (full 0):
 garbage-first heap   total 315392K, used 169315K [0x0000000080000000, 0x0000000100000000)
  region size 1024K, 15 young (15360K), 2 survivors (2048K)
 Metaspace       used 111205K, capacity 114010K, committed 114808K, reserved 1148928K
  class space    used 14181K, capacity 15272K, committed 15564K, reserved 1048576K
}
Event: 13.740 GC heap after
{Heap after GC invocations=32 (full 0):
 garbage-first heap   total 315392K, used 154536K [0x0000000080000000, 0x0000000100000000)
  region size 1024K, 1 young (1024K), 1 survivors (1024K)
 Metaspace       used 111205K, capacity 114010K, committed 114808K, reserved 1148928K
  class space    used 14181K, capacity 15272K, committed 15564K, reserved 1048576K
}

