# JRE version: OpenJDK Runtime Environment (11.0.11+9) (build 11.0.11+9-b60-7590822)
# Java VM: OpenJDK 64-Bit Server VM (11.0.11+9-b60-7590822, mixed mode, tiered, compressed oops, g1 gc, windows-amd64)
Heap:
 garbage-first heap   total 378880K, used 175793K [0x0000000080000000, 0x0000000100000000)
  region size 1024K, 6 young (6144K), 6 survivors (6144K)
 Metaspace       used 98398K, capacity 100955K, committed 101036K, reserved 1136640K
  class space    used 12937K, capacity 13939K, committed 13996K, reserved 1048576K
GC Heap History (20 events):
Event: 5.009 GC heap after
{Heap after GC invocations=10 (full 0):
 garbage-first heap   total 262144K, used 51490K [0x0000000080000000, 0x0000000100000000)
  region size 1024K, 19 young (19456K), 19 survivors (19456K)
 Metaspace       used 56714K, capacity 58099K, committed 58188K, reserved 1099776K
  class space    used 7189K, capacity 7699K, committed 7756K, reserved 1048576K
}
Event: 5.173 GC heap before
{Heap before GC invocations=10 (full 0):
 garbage-first heap   total 262144K, used 64802K [0x0000000080000000, 0x0000000100000000)
  region size 1024K, 33 young (33792K), 19 survivors (19456K)
 Metaspace       used 58687K, capacity 60157K, committed 60236K, reserved 1101824K
  class space    used 7467K, capacity 7983K, committed 8012K, reserved 1048576K
}
Event: 5.191 GC heap after
{Heap after GC invocations=11 (full 0):
 garbage-first heap   total 262144K, used 53537K [0x0000000080000000, 0x0000000100000000)
  region size 1024K, 3 young (3072K), 3 survivors (3072K)
 Metaspace       used 58687K, capacity 60157K, committed 60236K, reserved 1101824K
  class space    used 7467K, capacity 7983K, committed 8012K, reserved 1048576K
}
Event: 6.486 GC heap before
{Heap before GC invocations=12 (full 0):
 garbage-first heap   total 262144K, used 180513K [0x0000000080000000, 0x0000000100000000)
  region size 1024K, 127 young (130048K), 3 survivors (3072K)
 Metaspace       used 66917K, capacity 68397K, committed 68556K, reserved 1107968K
  class space    used 8481K, capacity 9070K, committed 9164K, reserved 1048576K
}
Event: 6.494 GC heap after
{Heap after GC invocations=13 (full 0):
 garbage-first heap   total 262144K, used 61625K [0x0000000080000000, 0x0000000100000000)
  region size 1024K, 11 young (11264K), 11 survivors (11264K)
 Metaspace       used 66917K, capacity 68397K, committed 68556K, reserved 1107968K
  class space    used 8481K, capacity 9070K, committed 9164K, reserved 1048576K
}
Event: 7.720 GC heap before
{Heap before GC invocations=13 (full 0):
 garbage-first heap   total 262144K, used 188601K [0x0000000080000000, 0x0000000100000000)
  region size 1024K, 135 young (138240K), 11 survivors (11264K)
 Metaspace       used 78155K, capacity 79875K, committed 80076K, reserved 1118208K
  class space    used 10195K, capacity 10882K, committed 10956K, reserved 1048576K
}
Event: 7.733 GC heap after
{Heap after GC invocations=14 (full 0):
 garbage-first heap   total 262144K, used 69567K [0x0000000080000000, 0x0000000100000000)
  region size 1024K, 9 young (9216K), 9 survivors (9216K)
 Metaspace       used 78155K, capacity 79875K, committed 80076K, reserved 1118208K
  class space    used 10195K, capacity 10882K, committed 10956K, reserved 1048576K
}
Event: 8.840 GC heap before
{Heap before GC invocations=14 (full 0):
 garbage-first heap   total 262144K, used 195519K [0x0000000080000000, 0x0000000100000000)
  region size 1024K, 132 young (135168K), 9 survivors (9216K)
 Metaspace       used 84257K, capacity 86331K, committed 86604K, reserved 1124352K
  class space    used 10998K, capacity 11815K, committed 11852K, reserved 1048576K
}
Event: 8.854 GC heap after
{Heap after GC invocations=15 (full 0):
 garbage-first heap   total 262144K, used 77542K [0x0000000080000000, 0x0000000100000000)
  region size 1024K, 16 young (16384K), 16 survivors (16384K)
 Metaspace       used 84257K, capacity 86331K, committed 86604K, reserved 1124352K
  class space    used 10998K, capacity 11815K, committed 11852K, reserved 1048576K
}
Event: 9.536 GC heap before
{Heap before GC invocations=15 (full 0):
 garbage-first heap   total 262144K, used 199398K [0x0000000080000000, 0x0000000100000000)
  region size 1024K, 136 young (139264K), 16 survivors (16384K)
 Metaspace       used 89883K, capacity 92024K, committed 92108K, reserved 1128448K
  class space    used 11654K, capacity 12470K, committed 12492K, reserved 1048576K
}
Event: 9.554 GC heap after
{Heap after GC invocations=16 (full 0):
 garbage-first heap   total 262144K, used 86068K [0x0000000080000000, 0x0000000100000000)
  region size 1024K, 17 young (17408K), 17 survivors (17408K)
 Metaspace       used 89883K, capacity 92024K, committed 92108K, reserved 1128448K
  class space    used 11654K, capacity 12470K, committed 12492K, reserved 1048576K
}
Event: 9.888 GC heap before
{Heap before GC invocations=16 (full 0):
 garbage-first heap   total 262144K, used 202804K [0x0000000080000000, 0x0000000100000000)
  region size 1024K, 132 young (135168K), 17 survivors (17408K)
 Metaspace       used 92942K, capacity 95232K, committed 95436K, reserved 1132544K
  class space    used 12075K, capacity 12955K, committed 13004K, reserved 1048576K
}
Event: 9.908 GC heap after
{Heap after GC invocations=17 (full 0):
 garbage-first heap   total 315392K, used 114834K [0x0000000080000000, 0x0000000100000000)
  region size 1024K, 17 young (17408K), 17 survivors (17408K)
 Metaspace       used 92942K, capacity 95232K, committed 95436K, reserved 1132544K
  class space    used 12075K, capacity 12955K, committed 13004K, reserved 1048576K
}
Event: 10.215 GC heap before
{Heap before GC invocations=17 (full 0):
 garbage-first heap   total 315392K, used 234642K [0x0000000080000000, 0x0000000100000000)
  region size 1024K, 134 young (137216K), 17 survivors (17408K)
 Metaspace       used 94813K, capacity 97144K, committed 97228K, reserved 1132544K
  class space    used 12322K, capacity 13225K, committed 13260K, reserved 1048576K
}
Event: 10.248 GC heap after
{Heap after GC invocations=18 (full 0):
 garbage-first heap   total 315392K, used 133632K [0x0000000080000000, 0x0000000100000000)
  region size 1024K, 17 young (17408K), 17 survivors (17408K)
 Metaspace       used 94813K, capacity 97144K, committed 97228K, reserved 1132544K
  class space    used 12322K, capacity 13225K, committed 13260K, reserved 1048576K
}
Event: 10.425 GC heap before
{Heap before GC invocations=18 (full 0):
 garbage-first heap   total 315392K, used 239104K [0x0000000080000000, 0x0000000100000000)
  region size 1024K, 120 young (122880K), 17 survivors (17408K)
 Metaspace       used 96096K, capacity 98557K, committed 98764K, reserved 1134592K
  class space    used 12530K, capacity 13478K, committed 13516K, reserved 1048576K
}
Event: 10.453 GC heap after
{Heap after GC invocations=19 (full 0):
 garbage-first heap   total 315392K, used 153436K [0x0000000080000000, 0x0000000100000000)
  region size 1024K, 15 young (15360K), 15 survivors (15360K)
 Metaspace       used 96096K, capacity 98557K, committed 98764K, reserved 1134592K
  class space    used 12530K, capacity 13478K, committed 13516K, reserved 1048576K
}
Event: 10.604 GC heap before
{Heap before GC invocations=19 (full 0):
 garbage-first heap   total 315392K, used 243548K [0x0000000080000000, 0x0000000100000000)
  region size 1024K, 103 young (105472K), 15 survivors (15360K)
 Metaspace       used 97703K, capacity 100277K, committed 100428K, reserved 1136640K
  class space    used 12836K, capacity 13799K, committed 13900K, reserved 1048576K
}
Event: 10.631 GC heap after
{Heap after GC invocations=20 (full 0):
 garbage-first heap   total 315392K, used 168938K [0x0000000080000000, 0x0000000100000000)
  region size 1024K, 13 young (13312K), 13 survivors (13312K)
 Metaspace       used 97703K, capacity 100277K, committed 100428K, reserved 1136640K
  class space    used 12836K, capacity 13799K, committed 13900K, reserved 1048576K
}
Event: 10.689 GC heap before
{Heap before GC invocations=20 (full 0):
 garbage-first heap   total 315392K, used 198634K [0x0000000080000000, 0x0000000100000000)
  region size 1024K, 44 young (45056K), 13 survivors (13312K)
 Metaspace       used 98398K, capacity 100955K, committed 101036K, reserved 1136640K
  class space    used 12937K, capacity 13939K, committed 13996K, reserved 1048576K
}

