# JRE version: OpenJDK Runtime Environment (11.0.11+9) (build 11.0.11+9-b60-7590822)
# Java VM: OpenJDK 64-Bit Server VM (11.0.11+9-b60-7590822, mixed mode, tiered, compressed oops, g1 gc, windows-amd64)
Heap:
 garbage-first heap   total 753664K, used 217853K [0x0000000080000000, 0x0000000100000000)
  region size 1024K, 2 young (2048K), 2 survivors (2048K)
 Metaspace       used 135551K, capacity 139614K, committed 140324K, reserved 1171456K
  class space    used 16893K, capacity 18388K, committed 18688K, reserved 1048576K
GC Heap History (20 events):
Event: 816.843 GC heap after
{Heap after GC invocations=48 (full 0):
 garbage-first heap   total 262144K, used 161460K [0x0000000080000000, 0x0000000100000000)
  region size 1024K, 1 young (1024K), 1 survivors (1024K)
 Metaspace       used 134628K, capacity 138696K, committed 139556K, reserved 1171456K
  class space    used 16866K, capacity 18326K, committed 18688K, reserved 1048576K
}
Event: 817.155 GC heap before
{Heap before GC invocations=49 (full 0):
 garbage-first heap   total 262144K, used 222900K [0x0000000080000000, 0x0000000100000000)
  region size 1024K, 62 young (63488K), 1 survivors (1024K)
 Metaspace       used 134684K, capacity 138735K, committed 139556K, reserved 1171456K
  class space    used 16879K, capacity 18339K, committed 18688K, reserved 1048576K
}
Event: 817.159 GC heap after
{Heap after GC invocations=50 (full 0):
 garbage-first heap   total 315392K, used 161653K [0x0000000080000000, 0x0000000100000000)
  region size 1024K, 1 young (1024K), 1 survivors (1024K)
 Metaspace       used 134684K, capacity 138735K, committed 139556K, reserved 1171456K
  class space    used 16879K, capacity 18339K, committed 18688K, reserved 1048576K
}
Event: 817.200 GC heap before
{Heap before GC invocations=50 (full 0):
 garbage-first heap   total 315392K, used 174965K [0x0000000080000000, 0x0000000100000000)
  region size 1024K, 15 young (15360K), 1 survivors (1024K)
 Metaspace       used 134734K, capacity 138804K, committed 139556K, reserved 1171456K
  class space    used 16880K, capacity 18340K, committed 18688K, reserved 1048576K
}
Event: 817.204 GC heap after
{Heap after GC invocations=51 (full 0):
 garbage-first heap   total 315392K, used 162317K [0x0000000080000000, 0x0000000100000000)
  region size 1024K, 2 young (2048K), 2 survivors (2048K)
 Metaspace       used 134734K, capacity 138804K, committed 139556K, reserved 1171456K
  class space    used 16880K, capacity 18340K, committed 18688K, reserved 1048576K
}
Event: 817.418 GC heap before
{Heap before GC invocations=51 (full 0):
 garbage-first heap   total 315392K, used 255501K [0x0000000080000000, 0x0000000100000000)
  region size 1024K, 94 young (96256K), 2 survivors (2048K)
 Metaspace       used 134954K, capacity 139042K, committed 139812K, reserved 1171456K
  class space    used 16884K, capacity 18348K, committed 18688K, reserved 1048576K
}
Event: 817.434 GC heap after
{Heap after GC invocations=52 (full 0):
 garbage-first heap   total 315392K, used 171773K [0x0000000080000000, 0x0000000100000000)
  region size 1024K, 12 young (12288K), 12 survivors (12288K)
 Metaspace       used 134954K, capacity 139042K, committed 139812K, reserved 1171456K
  class space    used 16884K, capacity 18348K, committed 18688K, reserved 1048576K
}
Event: 817.751 GC heap before
{Heap before GC invocations=53 (full 0):
 garbage-first heap   total 315392K, used 257789K [0x0000000080000000, 0x0000000100000000)
  region size 1024K, 97 young (99328K), 12 survivors (12288K)
 Metaspace       used 135193K, capacity 139258K, committed 140068K, reserved 1171456K
  class space    used 16884K, capacity 18348K, committed 18688K, reserved 1048576K
}
Event: 817.761 GC heap after
{Heap after GC invocations=54 (full 0):
 garbage-first heap   total 315392K, used 176738K [0x0000000080000000, 0x0000000100000000)
  region size 1024K, 9 young (9216K), 9 survivors (9216K)
 Metaspace       used 135193K, capacity 139258K, committed 140068K, reserved 1171456K
  class space    used 16884K, capacity 18348K, committed 18688K, reserved 1048576K
}
Event: 817.771 GC heap before
{Heap before GC invocations=54 (full 0):
 garbage-first heap   total 315392K, used 182882K [0x0000000080000000, 0x0000000100000000)
  region size 1024K, 15 young (15360K), 9 survivors (9216K)
 Metaspace       used 135202K, capacity 139258K, committed 140068K, reserved 1171456K
  class space    used 16884K, capacity 18348K, committed 18688K, reserved 1048576K
}
Event: 817.779 GC heap after
{Heap after GC invocations=55 (full 0):
 garbage-first heap   total 315392K, used 174476K [0x0000000080000000, 0x0000000100000000)
  region size 1024K, 2 young (2048K), 2 survivors (2048K)
 Metaspace       used 135202K, capacity 139258K, committed 140068K, reserved 1171456K
  class space    used 16884K, capacity 18348K, committed 18688K, reserved 1048576K
}
Event: 817.891 GC heap before
{Heap before GC invocations=55 (full 0):
 garbage-first heap   total 315392K, used 258444K [0x0000000080000000, 0x0000000100000000)
  region size 1024K, 85 young (87040K), 2 survivors (2048K)
 Metaspace       used 135313K, capacity 139336K, committed 140068K, reserved 1171456K
  class space    used 16884K, capacity 18348K, committed 18688K, reserved 1048576K
}
Event: 817.904 GC heap after
{Heap after GC invocations=56 (full 0):
 garbage-first heap   total 430080K, used 186368K [0x0000000080000000, 0x0000000100000000)
  region size 1024K, 11 young (11264K), 11 survivors (11264K)
 Metaspace       used 135313K, capacity 139336K, committed 140068K, reserved 1171456K
  class space    used 16884K, capacity 18348K, committed 18688K, reserved 1048576K
}
Event: 818.199 GC heap before
{Heap before GC invocations=57 (full 0):
 garbage-first heap   total 430080K, used 324608K [0x0000000080000000, 0x0000000100000000)
  region size 1024K, 146 young (149504K), 11 survivors (11264K)
 Metaspace       used 135339K, capacity 139409K, committed 140068K, reserved 1171456K
  class space    used 16885K, capacity 18350K, committed 18688K, reserved 1048576K
}
Event: 818.213 GC heap after
{Heap after GC invocations=58 (full 0):
 garbage-first heap   total 430080K, used 200333K [0x0000000080000000, 0x0000000100000000)
  region size 1024K, 17 young (17408K), 17 survivors (17408K)
 Metaspace       used 135339K, capacity 139409K, committed 140068K, reserved 1171456K
  class space    used 16885K, capacity 18350K, committed 18688K, reserved 1048576K
}
Event: 818.414 GC heap before
{Heap before GC invocations=58 (full 0):
 garbage-first heap   total 430080K, used 330381K [0x0000000080000000, 0x0000000100000000)
  region size 1024K, 145 young (148480K), 17 survivors (17408K)
 Metaspace       used 135495K, capacity 139545K, committed 140068K, reserved 1171456K
  class space    used 16891K, capacity 18387K, committed 18688K, reserved 1048576K
}
Event: 818.450 GC heap after
{Heap after GC invocations=59 (full 0):
 garbage-first heap   total 430080K, used 209029K [0x0000000080000000, 0x0000000100000000)
  region size 1024K, 12 young (12288K), 12 survivors (12288K)
 Metaspace       used 135495K, capacity 139545K, committed 140068K, reserved 1171456K
  class space    used 16891K, capacity 18387K, committed 18688K, reserved 1048576K
}
Event: 818.726 GC heap before
{Heap before GC invocations=60 (full 0):
 garbage-first heap   total 430080K, used 338053K [0x0000000080000000, 0x0000000100000000)
  region size 1024K, 139 young (142336K), 12 survivors (12288K)
 Metaspace       used 135537K, capacity 139613K, committed 140324K, reserved 1171456K
  class space    used 16893K, capacity 18388K, committed 18688K, reserved 1048576K
}
Event: 818.741 GC heap after
{Heap after GC invocations=61 (full 0):
 garbage-first heap   total 430080K, used 218234K [0x0000000080000000, 0x0000000100000000)
  region size 1024K, 11 young (11264K), 11 survivors (11264K)
 Metaspace       used 135537K, capacity 139613K, committed 140324K, reserved 1171456K
  class space    used 16893K, capacity 18388K, committed 18688K, reserved 1048576K
}
Event: 818.754 GC heap before
{Heap before GC invocations=61 (full 0):
 garbage-first heap   total 430080K, used 228474K [0x0000000080000000, 0x0000000100000000)
  region size 1024K, 21 young (21504K), 11 survivors (11264K)
 Metaspace       used 135551K, capacity 139614K, committed 140324K, reserved 1171456K
  class space    used 16893K, capacity 18388K, committed 18688K, reserved 1048576K
}

