# JRE version: OpenJDK Runtime Environment (11.0.11+9) (build 11.0.11+9-b60-7590822)
# Java VM: OpenJDK 64-Bit Server VM (11.0.11+9-b60-7590822, mixed mode, tiered, compressed oops, g1 gc, windows-amd64)
Heap:
 garbage-first heap   total 535552K, used 196670K [0x0000000080000000, 0x0000000100000000)
  region size 1024K, 13 young (13312K), 13 survivors (13312K)
 Metaspace       used 115776K, capacity 118930K, committed 118980K, reserved 1153024K
  class space    used 14703K, capacity 15901K, committed 15948K, reserved 1048576K
GC Heap History (20 events):
Event: 93.658 GC heap after
{Heap after GC invocations=41 (full 0):
 garbage-first heap   total 262144K, used 160100K [0x0000000080000000, 0x0000000100000000)
  region size 1024K, 1 young (1024K), 1 survivors (1024K)
 Metaspace       used 114815K, capacity 117837K, committed 118084K, reserved 1150976K
  class space    used 14630K, capacity 15793K, committed 15820K, reserved 1048576K
}
Event: 93.771 GC heap before
{Heap before GC invocations=41 (full 0):
 garbage-first heap   total 262144K, used 218468K [0x0000000080000000, 0x0000000100000000)
  region size 1024K, 59 young (60416K), 1 survivors (1024K)
 Metaspace       used 114885K, capacity 117907K, committed 118084K, reserved 1150976K
  class space    used 14631K, capacity 15794K, committed 15820K, reserved 1048576K
}
Event: 93.776 GC heap after
{Heap after GC invocations=42 (full 0):
 garbage-first heap   total 315392K, used 161880K [0x0000000080000000, 0x0000000100000000)
  region size 1024K, 3 young (3072K), 3 survivors (3072K)
 Metaspace       used 114885K, capacity 117907K, committed 118084K, reserved 1150976K
  class space    used 14631K, capacity 15794K, committed 15820K, reserved 1048576K
}
Event: 93.969 GC heap before
{Heap before GC invocations=42 (full 0):
 garbage-first heap   total 315392K, used 242776K [0x0000000080000000, 0x0000000100000000)
  region size 1024K, 82 young (83968K), 3 survivors (3072K)
 Metaspace       used 115234K, capacity 118386K, committed 118468K, reserved 1153024K
  class space    used 14696K, capacity 15891K, committed 15948K, reserved 1048576K
}
Event: 93.973 GC heap after
{Heap after GC invocations=43 (full 0):
 garbage-first heap   total 315392K, used 161844K [0x0000000080000000, 0x0000000100000000)
  region size 1024K, 3 young (3072K), 3 survivors (3072K)
 Metaspace       used 115234K, capacity 118386K, committed 118468K, reserved 1153024K
  class space    used 14696K, capacity 15891K, committed 15948K, reserved 1048576K
}
Event: 94.124 GC heap before
{Heap before GC invocations=43 (full 0):
 garbage-first heap   total 315392K, used 245812K [0x0000000080000000, 0x0000000100000000)
  region size 1024K, 85 young (87040K), 3 survivors (3072K)
 Metaspace       used 115306K, capacity 118475K, committed 118724K, reserved 1153024K
  class space    used 14699K, capacity 15896K, committed 15948K, reserved 1048576K
}
Event: 94.129 GC heap after
{Heap after GC invocations=44 (full 0):
 garbage-first heap   total 315392K, used 162602K [0x0000000080000000, 0x0000000100000000)
  region size 1024K, 4 young (4096K), 4 survivors (4096K)
 Metaspace       used 115306K, capacity 118475K, committed 118724K, reserved 1153024K
  class space    used 14699K, capacity 15896K, committed 15948K, reserved 1048576K
}
Event: 94.281 GC heap before
{Heap before GC invocations=44 (full 0):
 garbage-first heap   total 315392K, used 248618K [0x0000000080000000, 0x0000000100000000)
  region size 1024K, 89 young (91136K), 4 survivors (4096K)
 Metaspace       used 115457K, capacity 118620K, committed 118724K, reserved 1153024K
  class space    used 14699K, capacity 15896K, committed 15948K, reserved 1048576K
}
Event: 94.287 GC heap after
{Heap after GC invocations=45 (full 0):
 garbage-first heap   total 315392K, used 168034K [0x0000000080000000, 0x0000000100000000)
  region size 1024K, 9 young (9216K), 9 survivors (9216K)
 Metaspace       used 115457K, capacity 118620K, committed 118724K, reserved 1153024K
  class space    used 14699K, capacity 15896K, committed 15948K, reserved 1048576K
}
Event: 94.396 GC heap before
{Heap before GC invocations=45 (full 0):
 garbage-first heap   total 315392K, used 253026K [0x0000000080000000, 0x0000000100000000)
  region size 1024K, 93 young (95232K), 9 survivors (9216K)
 Metaspace       used 115536K, capacity 118698K, committed 118980K, reserved 1153024K
  class space    used 14701K, capacity 15897K, committed 15948K, reserved 1048576K
}
Event: 94.404 GC heap after
{Heap after GC invocations=46 (full 0):
 garbage-first heap   total 315392K, used 173487K [0x0000000080000000, 0x0000000100000000)
  region size 1024K, 8 young (8192K), 8 survivors (8192K)
 Metaspace       used 115536K, capacity 118698K, committed 118980K, reserved 1153024K
  class space    used 14701K, capacity 15897K, committed 15948K, reserved 1048576K
}
Event: 94.481 GC heap before
{Heap before GC invocations=46 (full 0):
 garbage-first heap   total 315392K, used 256431K [0x0000000080000000, 0x0000000100000000)
  region size 1024K, 90 young (92160K), 8 survivors (8192K)
 Metaspace       used 115555K, capacity 118701K, committed 118980K, reserved 1153024K
  class space    used 14701K, capacity 15897K, committed 15948K, reserved 1048576K
}
Event: 94.492 GC heap after
{Heap after GC invocations=47 (full 0):
 garbage-first heap   total 378880K, used 180389K [0x0000000080000000, 0x0000000100000000)
  region size 1024K, 8 young (8192K), 8 survivors (8192K)
 Metaspace       used 115555K, capacity 118701K, committed 118980K, reserved 1153024K
  class space    used 14701K, capacity 15897K, committed 15948K, reserved 1048576K
}
Event: 94.620 GC heap before
{Heap before GC invocations=47 (full 0):
 garbage-first heap   total 378880K, used 292005K [0x0000000080000000, 0x0000000100000000)
  region size 1024K, 118 young (120832K), 8 survivors (8192K)
 Metaspace       used 115590K, capacity 118766K, committed 118980K, reserved 1153024K
  class space    used 14701K, capacity 15897K, committed 15948K, reserved 1048576K
}
Event: 94.628 GC heap after
{Heap after GC invocations=48 (full 0):
 garbage-first heap   total 378880K, used 185880K [0x0000000080000000, 0x0000000100000000)
  region size 1024K, 14 young (14336K), 14 survivors (14336K)
 Metaspace       used 115590K, capacity 118766K, committed 118980K, reserved 1153024K
  class space    used 14701K, capacity 15897K, committed 15948K, reserved 1048576K
}
Event: 94.754 GC heap before
{Heap before GC invocations=48 (full 0):
 garbage-first heap   total 378880K, used 298520K [0x0000000080000000, 0x0000000100000000)
  region size 1024K, 124 young (126976K), 14 survivors (14336K)
 Metaspace       used 115628K, capacity 118768K, committed 118980K, reserved 1153024K
  class space    used 14701K, capacity 15897K, committed 15948K, reserved 1048576K
}
Event: 94.762 GC heap after
{Heap after GC invocations=49 (full 0):
 garbage-first heap   total 378880K, used 187904K [0x0000000080000000, 0x0000000100000000)
  region size 1024K, 9 young (9216K), 9 survivors (9216K)
 Metaspace       used 115628K, capacity 118768K, committed 118980K, reserved 1153024K
  class space    used 14701K, capacity 15897K, committed 15948K, reserved 1048576K
}
Event: 94.905 GC heap before
{Heap before GC invocations=49 (full 0):
 garbage-first heap   total 378880K, used 302592K [0x0000000080000000, 0x0000000100000000)
  region size 1024K, 122 young (124928K), 9 survivors (9216K)
 Metaspace       used 115731K, capacity 118852K, committed 118980K, reserved 1153024K
  class space    used 14701K, capacity 15897K, committed 15948K, reserved 1048576K
}
Event: 94.914 GC heap after
{Heap after GC invocations=50 (full 0):
 garbage-first heap   total 378880K, used 191838K [0x0000000080000000, 0x0000000100000000)
  region size 1024K, 9 young (9216K), 9 survivors (9216K)
 Metaspace       used 115731K, capacity 118852K, committed 118980K, reserved 1153024K
  class space    used 14701K, capacity 15897K, committed 15948K, reserved 1048576K
}
Event: 95.057 GC heap before
{Heap before GC invocations=50 (full 0):
 garbage-first heap   total 378880K, used 307550K [0x0000000080000000, 0x0000000100000000)
  region size 1024K, 122 young (124928K), 9 survivors (9216K)
 Metaspace       used 115776K, capacity 118930K, committed 118980K, reserved 1153024K
  class space    used 14703K, capacity 15901K, committed 15948K, reserved 1048576K
}

