# JRE version: OpenJDK Runtime Environment (11.0.11+9) (build 11.0.11+9-b60-7590822)
# Java VM: OpenJDK 64-Bit Server VM (11.0.11+9-b60-7590822, mixed mode, tiered, compressed oops, g1 gc, windows-amd64)
Heap:
 garbage-first heap   total 378880K, used 263606K [0x0000000080000000, 0x0000000100000000)
  region size 1024K, 102 young (104448K), 4 survivors (4096K)
 Metaspace       used 100382K, capacity 102748K, committed 103536K, reserved 1138688K
  class space    used 13143K, capacity 14082K, committed 14360K, reserved 1048576K
GC Heap History (20 events):
Event: 5.774 GC heap before
{Heap before GC invocations=10 (full 0):
 garbage-first heap   total 262144K, used 173468K [0x0000000080000000, 0x0000000100000000)
  region size 1024K, 122 young (124928K), 3 survivors (3072K)
 Metaspace       used 66910K, capacity 68524K, committed 68720K, reserved 1110016K
  class space    used 8493K, capacity 9093K, committed 9240K, reserved 1048576K
}
Event: 5.785 GC heap after
{Heap after GC invocations=11 (full 0):
 garbage-first heap   total 262144K, used 59583K [0x0000000080000000, 0x0000000100000000)
  region size 1024K, 11 young (11264K), 11 survivors (11264K)
 Metaspace       used 66910K, capacity 68524K, committed 68720K, reserved 1110016K
  class space    used 8493K, capacity 9093K, committed 9240K, reserved 1048576K
}
Event: 6.824 GC heap before
{Heap before GC invocations=12 (full 0):
 garbage-first heap   total 262144K, used 181439K [0x0000000080000000, 0x0000000100000000)
  region size 1024K, 130 young (133120K), 11 survivors (11264K)
 Metaspace       used 77304K, capacity 79003K, committed 79216K, reserved 1118208K
  class space    used 10051K, capacity 10708K, committed 10776K, reserved 1048576K
}
Event: 6.833 GC heap after
{Heap after GC invocations=13 (full 0):
 garbage-first heap   total 262144K, used 67235K [0x0000000080000000, 0x0000000100000000)
  region size 1024K, 8 young (8192K), 8 survivors (8192K)
 Metaspace       used 77304K, capacity 79003K, committed 79216K, reserved 1118208K
  class space    used 10051K, capacity 10708K, committed 10776K, reserved 1048576K
}
Event: 7.874 GC heap before
{Heap before GC invocations=13 (full 0):
 garbage-first heap   total 262144K, used 189091K [0x0000000080000000, 0x0000000100000000)
  region size 1024K, 128 young (131072K), 8 survivors (8192K)
 Metaspace       used 83864K, capacity 85998K, committed 86128K, reserved 1124352K
  class space    used 10956K, capacity 11755K, committed 11800K, reserved 1048576K
}
Event: 7.889 GC heap after
{Heap after GC invocations=14 (full 0):
 garbage-first heap   total 262144K, used 75292K [0x0000000080000000, 0x0000000100000000)
  region size 1024K, 16 young (16384K), 16 survivors (16384K)
 Metaspace       used 83864K, capacity 85998K, committed 86128K, reserved 1124352K
  class space    used 10956K, capacity 11755K, committed 11800K, reserved 1048576K
}
Event: 8.560 GC heap before
{Heap before GC invocations=14 (full 0):
 garbage-first heap   total 262144K, used 195100K [0x0000000080000000, 0x0000000100000000)
  region size 1024K, 134 young (137216K), 16 survivors (16384K)
 Metaspace       used 89207K, capacity 91313K, committed 91632K, reserved 1128448K
  class space    used 11551K, capacity 12345K, committed 12440K, reserved 1048576K
}
Event: 8.574 GC heap after
{Heap after GC invocations=15 (full 0):
 garbage-first heap   total 262144K, used 81920K [0x0000000080000000, 0x0000000100000000)
  region size 1024K, 15 young (15360K), 15 survivors (15360K)
 Metaspace       used 89207K, capacity 91313K, committed 91632K, reserved 1128448K
  class space    used 11551K, capacity 12345K, committed 12440K, reserved 1048576K
}
Event: 8.959 GC heap before
{Heap before GC invocations=15 (full 0):
 garbage-first heap   total 262144K, used 200704K [0x0000000080000000, 0x0000000100000000)
  region size 1024K, 132 young (135168K), 15 survivors (15360K)
 Metaspace       used 92932K, capacity 95182K, committed 95344K, reserved 1132544K
  class space    used 12083K, capacity 12967K, committed 13080K, reserved 1048576K
}
Event: 8.976 GC heap after
{Heap after GC invocations=16 (full 0):
 garbage-first heap   total 262144K, used 109419K [0x0000000080000000, 0x0000000100000000)
  region size 1024K, 17 young (17408K), 17 survivors (17408K)
 Metaspace       used 92932K, capacity 95182K, committed 95344K, reserved 1132544K
  class space    used 12083K, capacity 12967K, committed 13080K, reserved 1048576K
}
Event: 9.172 GC heap before
{Heap before GC invocations=16 (full 0):
 garbage-first heap   total 262144K, used 199531K [0x0000000080000000, 0x0000000100000000)
  region size 1024K, 105 young (107520K), 17 survivors (17408K)
 Metaspace       used 94672K, capacity 97041K, committed 97392K, reserved 1134592K
  class space    used 12319K, capacity 13221K, committed 13336K, reserved 1048576K
}
Event: 9.190 GC heap after
{Heap after GC invocations=17 (full 0):
 garbage-first heap   total 315392K, used 120796K [0x0000000080000000, 0x0000000100000000)
  region size 1024K, 14 young (14336K), 14 survivors (14336K)
 Metaspace       used 94672K, capacity 97041K, committed 97392K, reserved 1134592K
  class space    used 12319K, capacity 13221K, committed 13336K, reserved 1048576K
}
Event: 9.385 GC heap before
{Heap before GC invocations=17 (full 0):
 garbage-first heap   total 315392K, used 233436K [0x0000000080000000, 0x0000000100000000)
  region size 1024K, 124 young (126976K), 14 survivors (14336K)
 Metaspace       used 96309K, capacity 98758K, committed 98928K, reserved 1134592K
  class space    used 12583K, capacity 13527K, committed 13592K, reserved 1048576K
}
Event: 9.404 GC heap after
{Heap after GC invocations=18 (full 0):
 garbage-first heap   total 315392K, used 142047K [0x0000000080000000, 0x0000000100000000)
  region size 1024K, 16 young (16384K), 16 survivors (16384K)
 Metaspace       used 96309K, capacity 98758K, committed 98928K, reserved 1134592K
  class space    used 12583K, capacity 13527K, committed 13592K, reserved 1048576K
}
Event: 9.560 GC heap before
{Heap before GC invocations=18 (full 0):
 garbage-first heap   total 315392K, used 238303K [0x0000000080000000, 0x0000000100000000)
  region size 1024K, 111 young (113664K), 16 survivors (16384K)
 Metaspace       used 98529K, capacity 101133K, committed 101360K, reserved 1136640K
  class space    used 12973K, capacity 13964K, committed 13976K, reserved 1048576K
}
Event: 9.580 GC heap after
{Heap after GC invocations=19 (full 0):
 garbage-first heap   total 315392K, used 158720K [0x0000000080000000, 0x0000000100000000)
  region size 1024K, 14 young (14336K), 14 survivors (14336K)
 Metaspace       used 98529K, capacity 101133K, committed 101360K, reserved 1136640K
  class space    used 12973K, capacity 13964K, committed 13976K, reserved 1048576K
}
Event: 9.868 GC heap before
{Heap before GC invocations=19 (full 0):
 garbage-first heap   total 315392K, used 246784K [0x0000000080000000, 0x0000000100000000)
  region size 1024K, 100 young (102400K), 14 survivors (14336K)
 Metaspace       used 100014K, capacity 102631K, committed 102768K, reserved 1138688K
  class space    used 13213K, capacity 14239K, committed 14360K, reserved 1048576K
}
Event: 9.883 GC heap after
{Heap after GC invocations=20 (full 0):
 garbage-first heap   total 315392K, used 165439K [0x0000000080000000, 0x0000000100000000)
  region size 1024K, 5 young (5120K), 5 survivors (5120K)
 Metaspace       used 100014K, capacity 102631K, committed 102768K, reserved 1138688K
  class space    used 13213K, capacity 14239K, committed 14360K, reserved 1048576K
}
Event: 10.227 GC heap before
{Heap before GC invocations=21 (full 0):
 garbage-first heap   total 315392K, used 252479K [0x0000000080000000, 0x0000000100000000)
  region size 1024K, 90 young (92160K), 5 survivors (5120K)
 Metaspace       used 99885K, capacity 102230K, committed 103024K, reserved 1138688K
  class space    used 13095K, capacity 13995K, committed 14360K, reserved 1048576K
}
Event: 10.235 GC heap after
{Heap after GC invocations=22 (full 0):
 garbage-first heap   total 378880K, used 164278K [0x0000000080000000, 0x0000000100000000)
  region size 1024K, 4 young (4096K), 4 survivors (4096K)
 Metaspace       used 99885K, capacity 102230K, committed 103024K, reserved 1138688K
  class space    used 13095K, capacity 13995K, committed 14360K, reserved 1048576K
}

