# JRE version: OpenJDK Runtime Environment (11.0.11+9) (build 11.0.11+9-b60-7590822)
# Java VM: OpenJDK 64-Bit Server VM (11.0.11+9-b60-7590822, mixed mode, tiered, compressed oops, g1 gc, windows-amd64)
Heap:
 garbage-first heap   total 378880K, used 196829K [0x0000000080000000, 0x0000000100000000)
  region size 1024K, 8 young (8192K), 8 survivors (8192K)
 Metaspace       used 99075K, capacity 101467K, committed 102220K, reserved 1136640K
  class space    used 12985K, capacity 13925K, committed 14208K, reserved 1048576K
GC Heap History (20 events):
Event: 5.238 GC heap after
{Heap after GC invocations=11 (full 0):
 garbage-first heap   total 262144K, used 52360K [0x0000000080000000, 0x0000000100000000)
  region size 1024K, 4 young (4096K), 4 survivors (4096K)
 Metaspace       used 58794K, capacity 60147K, committed 60236K, reserved 1101824K
  class space    used 7491K, capacity 8023K, committed 8064K, reserved 1048576K
}
Event: 6.142 GC heap before
{Heap before GC invocations=12 (full 0):
 garbage-first heap   total 262144K, used 156808K [0x0000000080000000, 0x0000000100000000)
  region size 1024K, 106 young (108544K), 4 survivors (4096K)
 Metaspace       used 66692K, capacity 68289K, committed 68428K, reserved 1107968K
  class space    used 8471K, capacity 9011K, committed 9088K, reserved 1048576K
}
Event: 6.150 GC heap after
{Heap after GC invocations=13 (full 0):
 garbage-first heap   total 315392K, used 58530K [0x0000000080000000, 0x0000000100000000)
  region size 1024K, 10 young (10240K), 10 survivors (10240K)
 Metaspace       used 66692K, capacity 68289K, committed 68428K, reserved 1107968K
  class space    used 8471K, capacity 9011K, committed 9088K, reserved 1048576K
}
Event: 7.393 GC heap before
{Heap before GC invocations=13 (full 0):
 garbage-first heap   total 315392K, used 194722K [0x0000000080000000, 0x0000000100000000)
  region size 1024K, 143 young (146432K), 10 survivors (10240K)
 Metaspace       used 77090K, capacity 78775K, committed 79052K, reserved 1118208K
  class space    used 10007K, capacity 10651K, committed 10752K, reserved 1048576K
}
Event: 7.405 GC heap after
{Heap after GC invocations=14 (full 0):
 garbage-first heap   total 315392K, used 67341K [0x0000000080000000, 0x0000000100000000)
  region size 1024K, 17 young (17408K), 17 survivors (17408K)
 Metaspace       used 77090K, capacity 78775K, committed 79052K, reserved 1118208K
  class space    used 10007K, capacity 10651K, committed 10752K, reserved 1048576K
}
Event: 8.682 GC heap before
{Heap before GC invocations=14 (full 0):
 garbage-first heap   total 315392K, used 205581K [0x0000000080000000, 0x0000000100000000)
  region size 1024K, 153 young (156672K), 17 survivors (17408K)
 Metaspace       used 84269K, capacity 86377K, committed 86476K, reserved 1124352K
  class space    used 10987K, capacity 11766K, committed 11776K, reserved 1048576K
}
Event: 8.695 GC heap after
{Heap after GC invocations=15 (full 0):
 garbage-first heap   total 315392K, used 77001K [0x0000000080000000, 0x0000000100000000)
  region size 1024K, 19 young (19456K), 19 survivors (19456K)
 Metaspace       used 84269K, capacity 86377K, committed 86476K, reserved 1124352K
  class space    used 10987K, capacity 11766K, committed 11776K, reserved 1048576K
}
Event: 9.503 GC heap before
{Heap before GC invocations=15 (full 0):
 garbage-first heap   total 315392K, used 217289K [0x0000000080000000, 0x0000000100000000)
  region size 1024K, 158 young (161792K), 19 survivors (19456K)
 Metaspace       used 89904K, capacity 92076K, committed 92364K, reserved 1128448K
  class space    used 11648K, capacity 12448K, committed 12544K, reserved 1048576K
}
Event: 9.521 GC heap after
{Heap after GC invocations=16 (full 0):
 garbage-first heap   total 315392K, used 89241K [0x0000000080000000, 0x0000000100000000)
  region size 1024K, 20 young (20480K), 20 survivors (20480K)
 Metaspace       used 89904K, capacity 92076K, committed 92364K, reserved 1128448K
  class space    used 11648K, capacity 12448K, committed 12544K, reserved 1048576K
}
Event: 9.836 GC heap before
{Heap before GC invocations=16 (full 0):
 garbage-first heap   total 315392K, used 224409K [0x0000000080000000, 0x0000000100000000)
  region size 1024K, 153 young (156672K), 20 survivors (20480K)
 Metaspace       used 93108K, capacity 95460K, committed 95692K, reserved 1132544K
  class space    used 12099K, capacity 12978K, committed 13056K, reserved 1048576K
}
Event: 9.853 GC heap after
{Heap after GC invocations=17 (full 0):
 garbage-first heap   total 315392K, used 121057K [0x0000000080000000, 0x0000000100000000)
  region size 1024K, 20 young (20480K), 20 survivors (20480K)
 Metaspace       used 93108K, capacity 95460K, committed 95692K, reserved 1132544K
  class space    used 12099K, capacity 12978K, committed 13056K, reserved 1048576K
}
Event: 10.136 GC heap before
{Heap before GC invocations=17 (full 0):
 garbage-first heap   total 315392K, used 229601K [0x0000000080000000, 0x0000000100000000)
  region size 1024K, 126 young (129024K), 20 survivors (20480K)
 Metaspace       used 95556K, capacity 97958K, committed 98124K, reserved 1134592K
  class space    used 12418K, capacity 13319K, committed 13440K, reserved 1048576K
}
Event: 10.158 GC heap after
{Heap after GC invocations=18 (full 0):
 garbage-first heap   total 315392K, used 136704K [0x0000000080000000, 0x0000000100000000)
  region size 1024K, 16 young (16384K), 16 survivors (16384K)
 Metaspace       used 95556K, capacity 97958K, committed 98124K, reserved 1134592K
  class space    used 12418K, capacity 13319K, committed 13440K, reserved 1048576K
}
Event: 10.298 GC heap before
{Heap before GC invocations=18 (full 0):
 garbage-first heap   total 315392K, used 235008K [0x0000000080000000, 0x0000000100000000)
  region size 1024K, 112 young (114688K), 16 survivors (16384K)
 Metaspace       used 95953K, capacity 98426K, committed 98764K, reserved 1134592K
  class space    used 12495K, capacity 13446K, committed 13568K, reserved 1048576K
}
Event: 10.329 GC heap after
{Heap after GC invocations=19 (full 0):
 garbage-first heap   total 315392K, used 156611K [0x0000000080000000, 0x0000000100000000)
  region size 1024K, 14 young (14336K), 14 survivors (14336K)
 Metaspace       used 95953K, capacity 98426K, committed 98764K, reserved 1134592K
  class space    used 12495K, capacity 13446K, committed 13568K, reserved 1048576K
}
Event: 10.412 GC heap before
{Heap before GC invocations=19 (full 0):
 garbage-first heap   total 315392K, used 242627K [0x0000000080000000, 0x0000000100000000)
  region size 1024K, 98 young (100352K), 14 survivors (14336K)
 Metaspace       used 96890K, capacity 99355K, committed 99660K, reserved 1134592K
  class space    used 12672K, capacity 13629K, committed 13696K, reserved 1048576K
}
Event: 10.439 GC heap after
{Heap after GC invocations=20 (full 0):
 garbage-first heap   total 315392K, used 173541K [0x0000000080000000, 0x0000000100000000)
  region size 1024K, 13 young (13312K), 13 survivors (13312K)
 Metaspace       used 96890K, capacity 99355K, committed 99660K, reserved 1134592K
  class space    used 12672K, capacity 13629K, committed 13696K, reserved 1048576K
}
Event: 10.648 GC heap before
{Heap before GC invocations=20 (full 0):
 garbage-first heap   total 315392K, used 248293K [0x0000000080000000, 0x0000000100000000)
  region size 1024K, 86 young (88064K), 13 survivors (13312K)
 Metaspace       used 98097K, capacity 100472K, committed 101324K, reserved 1136640K
  class space    used 12812K, capacity 13749K, committed 14080K, reserved 1048576K
}
Event: 10.664 GC heap after
{Heap after GC invocations=21 (full 0):
 garbage-first heap   total 315392K, used 187821K [0x0000000080000000, 0x0000000100000000)
  region size 1024K, 11 young (11264K), 11 survivors (11264K)
 Metaspace       used 98097K, capacity 100472K, committed 101324K, reserved 1136640K
  class space    used 12812K, capacity 13749K, committed 14080K, reserved 1048576K
}
Event: 10.901 GC heap before
{Heap before GC invocations=22 (full 0):
 garbage-first heap   total 315392K, used 253357K [0x0000000080000000, 0x0000000100000000)
  region size 1024K, 75 young (76800K), 11 survivors (11264K)
 Metaspace       used 99075K, capacity 101467K, committed 102220K, reserved 1136640K
  class space    used 12985K, capacity 13925K, committed 14208K, reserved 1048576K
}

